2014/04/21 17:52:33 [error] [exception.CException] exception 'CException' with message 'CAssetManager.basePath "C:\xampp\htdocs\Projekt\Git\assets" is invalid. Please make sure the directory exists and is writable by the Web server process.' in C:\xampp\htdocs\Projekt\Git\framework\web\CAssetManager.php:138
Stack trace:
#0 C:\xampp\htdocs\Projekt\Git\framework\web\CAssetManager.php(123): CAssetManager->setBasePath('C:\xampp\htdocs...')
#1 C:\xampp\htdocs\Projekt\Git\framework\web\CAssetManager.php(217): CAssetManager->getBasePath()
#2 C:\xampp\htdocs\Projekt\Git\framework\web\CClientScript.php(510): CAssetManager->publish('C:\xampp\htdocs...')
#3 C:\xampp\htdocs\Projekt\Git\framework\web\CClientScript.php(547): CClientScript->getCoreScriptUrl()
#4 C:\xampp\htdocs\Projekt\Git\framework\web\CClientScript.php(348): CClientScript->getPackageBaseUrl('jquery')
#5 C:\xampp\htdocs\Projekt\Git\framework\web\CClientScript.php(208): CClientScript->renderCoreScripts()
#6 C:\xampp\htdocs\Projekt\Git\framework\web\CController.php(351): CClientScript->render('<!DOCTYPE html ...')
#7 C:\xampp\htdocs\Projekt\Git\framework\web\CController.php(788): CController->processOutput('<!DOCTYPE html ...')
#8 C:\xampp\htdocs\Projekt\Git\protected\controllers\SiteController.php(72): CController->render('contact', Array)
#9 C:\xampp\htdocs\Projekt\Git\framework\web\actions\CInlineAction.php(49): SiteController->actionContact()
#10 C:\xampp\htdocs\Projekt\Git\framework\web\CController.php(308): CInlineAction->runWithParams(Array)
#11 C:\xampp\htdocs\Projekt\Git\framework\web\CController.php(286): CController->runAction(Object(CInlineAction))
#12 C:\xampp\htdocs\Projekt\Git\framework\web\CController.php(265): CController->runActionWithFilters(Object(CInlineAction), Array)
#13 C:\xampp\htdocs\Projekt\Git\framework\web\CWebApplication.php(282): CController->run('contact')
#14 C:\xampp\htdocs\Projekt\Git\framework\web\CWebApplication.php(141): CWebApplication->runController('site/contact')
#15 C:\xampp\htdocs\Projekt\Git\framework\base\CApplication.php(180): CWebApplication->processRequest()
#16 C:\xampp\htdocs\Projekt\Git\index.php(13): CApplication->run()
#17 {main}
REQUEST_URI=/projekt/Git/index.php?r=site/contact
HTTP_REFERER=http://localhost/projekt/Git/index.php?r=site/page&view=about
---
2014/04/21 17:53:49 [error] [exception.CHttpException.404] exception 'CHttpException' with message 'Unable to resolve the request "image/create".' in C:\xampp\htdocs\Projekt\Git\framework\web\CWebApplication.php:286
Stack trace:
#0 C:\xampp\htdocs\Projekt\Git\framework\web\CWebApplication.php(141): CWebApplication->runController('image/create')
#1 C:\xampp\htdocs\Projekt\Git\framework\base\CApplication.php(180): CWebApplication->processRequest()
#2 C:\xampp\htdocs\Projekt\Git\index.php(13): CApplication->run()
#3 {main}
REQUEST_URI=/projekt/Git/index.php?r=image/create
---
2014/04/21 17:56:07 [error] [exception.CHttpException.404] exception 'CHttpException' with message 'The system is unable to find the requested action "create".' in C:\xampp\htdocs\Projekt\Git\framework\web\CController.php:483
Stack trace:
#0 C:\xampp\htdocs\Projekt\Git\framework\web\CController.php(270): CController->missingAction('create')
#1 C:\xampp\htdocs\Projekt\Git\framework\web\CWebApplication.php(282): CController->run('create')
#2 C:\xampp\htdocs\Projekt\Git\framework\web\CWebApplication.php(141): CWebApplication->runController('site/create')
#3 C:\xampp\htdocs\Projekt\Git\framework\base\CApplication.php(180): CWebApplication->processRequest()
#4 C:\xampp\htdocs\Projekt\Git\index.php(13): CApplication->run()
#5 {main}
REQUEST_URI=/projekt/Git/index.php?r=site/create
---
2014/04/21 17:58:09 [error] [php] include(Banner.php): failed to open stream: No such file or directory (C:\xampp\htdocs\Projekt\Git\framework\YiiBase.php:427)
Stack trace:
#0 C:\xampp\htdocs\Projekt\Git\protected\controllers\SiteController.php(112): spl_autoload_call()
#1 C:\xampp\htdocs\Projekt\Git\framework\web\actions\CInlineAction.php(49): SiteController->actionCreate()
#2 C:\xampp\htdocs\Projekt\Git\framework\web\CController.php(308): CInlineAction->runWithParams()
#3 C:\xampp\htdocs\Projekt\Git\framework\web\CController.php(286): SiteController->runAction()
#4 C:\xampp\htdocs\Projekt\Git\framework\web\CController.php(265): SiteController->runActionWithFilters()
#5 C:\xampp\htdocs\Projekt\Git\framework\web\CWebApplication.php(282): SiteController->run()
#6 C:\xampp\htdocs\Projekt\Git\framework\web\CWebApplication.php(141): CWebApplication->runController()
#7 C:\xampp\htdocs\Projekt\Git\framework\base\CApplication.php(180): CWebApplication->processRequest()
#8 C:\xampp\htdocs\Projekt\Git\index.php(13): CWebApplication->run()
REQUEST_URI=/projekt/Git/index.php?r=site/create
in C:\xampp\htdocs\Projekt\Git\protected\controllers\SiteController.php (112)
in C:\xampp\htdocs\Projekt\Git\index.php (13)
2014/04/21 17:59:07 [error] [exception.CDbException] exception 'CDbException' with message 'The table "Banner" for active record class "Banner" cannot be found in the database.' in C:\xampp\htdocs\Projekt\Git\framework\db\ar\CActiveRecord.php:2362
Stack trace:
#0 C:\xampp\htdocs\Projekt\Git\framework\db\ar\CActiveRecord.php(411): CActiveRecordMetaData->__construct(Object(Banner))
#1 C:\xampp\htdocs\Projekt\Git\framework\db\ar\CActiveRecord.php(79): CActiveRecord->getMetaData()
#2 C:\xampp\htdocs\Projekt\Git\protected\controllers\SiteController.php(112): CActiveRecord->__construct()
#3 C:\xampp\htdocs\Projekt\Git\framework\web\actions\CInlineAction.php(49): SiteController->actionCreate()
#4 C:\xampp\htdocs\Projekt\Git\framework\web\CController.php(308): CInlineAction->runWithParams(Array)
#5 C:\xampp\htdocs\Projekt\Git\framework\web\CController.php(286): CController->runAction(Object(CInlineAction))
#6 C:\xampp\htdocs\Projekt\Git\framework\web\CController.php(265): CController->runActionWithFilters(Object(CInlineAction), Array)
#7 C:\xampp\htdocs\Projekt\Git\framework\web\CWebApplication.php(282): CController->run('create')
#8 C:\xampp\htdocs\Projekt\Git\framework\web\CWebApplication.php(141): CWebApplication->runController('site/create')
#9 C:\xampp\htdocs\Projekt\Git\framework\base\CApplication.php(180): CWebApplication->processRequest()
#10 C:\xampp\htdocs\Projekt\Git\index.php(13): CApplication->run()
#11 {main}
REQUEST_URI=/projekt/Git/index.php?r=site/create
---
2014/04/21 18:00:22 [error] [exception.CDbException] exception 'CDbException' with message 'The table "Banner" for active record class "Banner" cannot be found in the database.' in C:\xampp\htdocs\Projekt\Git\framework\db\ar\CActiveRecord.php:2362
Stack trace:
#0 C:\xampp\htdocs\Projekt\Git\framework\db\ar\CActiveRecord.php(411): CActiveRecordMetaData->__construct(Object(Banner))
#1 C:\xampp\htdocs\Projekt\Git\framework\db\ar\CActiveRecord.php(79): CActiveRecord->getMetaData()
#2 C:\xampp\htdocs\Projekt\Git\protected\controllers\SiteController.php(112): CActiveRecord->__construct()
#3 C:\xampp\htdocs\Projekt\Git\framework\web\actions\CInlineAction.php(49): SiteController->actionCreate()
#4 C:\xampp\htdocs\Projekt\Git\framework\web\CController.php(308): CInlineAction->runWithParams(Array)
#5 C:\xampp\htdocs\Projekt\Git\framework\web\CController.php(286): CController->runAction(Object(CInlineAction))
#6 C:\xampp\htdocs\Projekt\Git\framework\web\CController.php(265): CController->runActionWithFilters(Object(CInlineAction), Array)
#7 C:\xampp\htdocs\Projekt\Git\framework\web\CWebApplication.php(282): CController->run('create')
#8 C:\xampp\htdocs\Projekt\Git\framework\web\CWebApplication.php(141): CWebApplication->runController('site/create')
#9 C:\xampp\htdocs\Projekt\Git\framework\base\CApplication.php(180): CWebApplication->processRequest()
#10 C:\xampp\htdocs\Projekt\Git\index.php(13): CApplication->run()
#11 {main}
REQUEST_URI=/projekt/Git/index.php?r=site/create
---
2014/04/21 18:02:02 [error] [system.db.CDbCommand] CDbCommand::fetchAll() failed: SQLSTATE[42S02]: Base table or view not found: 1146 Table 'testdrive.banner' doesn't exist. The SQL statement executed was: SHOW FULL COLUMNS FROM `Banner`.
in C:\xampp\htdocs\Projekt\Git\protected\controllers\SiteController.php (112)
in C:\xampp\htdocs\Projekt\Git\index.php (13)
2014/04/21 18:02:02 [error] [exception.CDbException] exception 'CDbException' with message 'The table "Banner" for active record class "Banner" cannot be found in the database.' in C:\xampp\htdocs\Projekt\Git\framework\db\ar\CActiveRecord.php:2362
Stack trace:
#0 C:\xampp\htdocs\Projekt\Git\framework\db\ar\CActiveRecord.php(411): CActiveRecordMetaData->__construct(Object(Banner))
#1 C:\xampp\htdocs\Projekt\Git\framework\db\ar\CActiveRecord.php(79): CActiveRecord->getMetaData()
#2 C:\xampp\htdocs\Projekt\Git\protected\controllers\SiteController.php(112): CActiveRecord->__construct()
#3 C:\xampp\htdocs\Projekt\Git\framework\web\actions\CInlineAction.php(49): SiteController->actionCreate()
#4 C:\xampp\htdocs\Projekt\Git\framework\web\CController.php(308): CInlineAction->runWithParams(Array)
#5 C:\xampp\htdocs\Projekt\Git\framework\web\CController.php(286): CController->runAction(Object(CInlineAction))
#6 C:\xampp\htdocs\Projekt\Git\framework\web\CController.php(265): CController->runActionWithFilters(Object(CInlineAction), Array)
#7 C:\xampp\htdocs\Projekt\Git\framework\web\CWebApplication.php(282): CController->run('create')
#8 C:\xampp\htdocs\Projekt\Git\framework\web\CWebApplication.php(141): CWebApplication->runController('site/create')
#9 C:\xampp\htdocs\Projekt\Git\framework\base\CApplication.php(180): CWebApplication->processRequest()
#10 C:\xampp\htdocs\Projekt\Git\index.php(13): CApplication->run()
#11 {main}
REQUEST_URI=/projekt/Git/index.php?r=site/create
---
2014/04/21 18:03:10 [error] [system.db.CDbCommand] CDbCommand::fetchAll() failed: SQLSTATE[42S02]: Base table or view not found: 1146 Table 'testdrive.banner' doesn't exist. The SQL statement executed was: SHOW FULL COLUMNS FROM `Banner`.
in C:\xampp\htdocs\Projekt\Git\protected\controllers\SiteController.php (112)
in C:\xampp\htdocs\Projekt\Git\index.php (13)
2014/04/21 18:03:10 [error] [exception.CDbException] exception 'CDbException' with message 'The table "Banner" for active record class "Banner" cannot be found in the database.' in C:\xampp\htdocs\Projekt\Git\framework\db\ar\CActiveRecord.php:2362
Stack trace:
#0 C:\xampp\htdocs\Projekt\Git\framework\db\ar\CActiveRecord.php(411): CActiveRecordMetaData->__construct(Object(Banner))
#1 C:\xampp\htdocs\Projekt\Git\framework\db\ar\CActiveRecord.php(79): CActiveRecord->getMetaData()
#2 C:\xampp\htdocs\Projekt\Git\protected\controllers\SiteController.php(112): CActiveRecord->__construct()
#3 C:\xampp\htdocs\Projekt\Git\framework\web\actions\CInlineAction.php(49): SiteController->actionCreate()
#4 C:\xampp\htdocs\Projekt\Git\framework\web\CController.php(308): CInlineAction->runWithParams(Array)
#5 C:\xampp\htdocs\Projekt\Git\framework\web\CController.php(286): CController->runAction(Object(CInlineAction))
#6 C:\xampp\htdocs\Projekt\Git\framework\web\CController.php(265): CController->runActionWithFilters(Object(CInlineAction), Array)
#7 C:\xampp\htdocs\Projekt\Git\framework\web\CWebApplication.php(282): CController->run('create')
#8 C:\xampp\htdocs\Projekt\Git\framework\web\CWebApplication.php(141): CWebApplication->runController('site/create')
#9 C:\xampp\htdocs\Projekt\Git\framework\base\CApplication.php(180): CWebApplication->processRequest()
#10 C:\xampp\htdocs\Projekt\Git\index.php(13): CApplication->run()
#11 {main}
REQUEST_URI=/projekt/Git/index.php?r=site/create
---
2014/04/21 18:03:54 [error] [system.db.CDbCommand] CDbCommand::fetchAll() failed: SQLSTATE[42S02]: Base table or view not found: 1146 Table 'testdrive.banner' doesn't exist. The SQL statement executed was: SHOW FULL COLUMNS FROM `Banner`.
in C:\xampp\htdocs\Projekt\Git\protected\controllers\SiteController.php (112)
in C:\xampp\htdocs\Projekt\Git\index.php (13)
2014/04/21 18:03:54 [error] [exception.CDbException] exception 'CDbException' with message 'The table "Banner" for active record class "Banner" cannot be found in the database.' in C:\xampp\htdocs\Projekt\Git\framework\db\ar\CActiveRecord.php:2362
Stack trace:
#0 C:\xampp\htdocs\Projekt\Git\framework\db\ar\CActiveRecord.php(411): CActiveRecordMetaData->__construct(Object(Banner))
#1 C:\xampp\htdocs\Projekt\Git\framework\db\ar\CActiveRecord.php(79): CActiveRecord->getMetaData()
#2 C:\xampp\htdocs\Projekt\Git\protected\controllers\SiteController.php(112): CActiveRecord->__construct()
#3 C:\xampp\htdocs\Projekt\Git\framework\web\actions\CInlineAction.php(49): SiteController->actionCreate()
#4 C:\xampp\htdocs\Projekt\Git\framework\web\CController.php(308): CInlineAction->runWithParams(Array)
#5 C:\xampp\htdocs\Projekt\Git\framework\web\CController.php(286): CController->runAction(Object(CInlineAction))
#6 C:\xampp\htdocs\Projekt\Git\framework\web\CController.php(265): CController->runActionWithFilters(Object(CInlineAction), Array)
#7 C:\xampp\htdocs\Projekt\Git\framework\web\CWebApplication.php(282): CController->run('create')
#8 C:\xampp\htdocs\Projekt\Git\framework\web\CWebApplication.php(141): CWebApplication->runController('site/create')
#9 C:\xampp\htdocs\Projekt\Git\framework\base\CApplication.php(180): CWebApplication->processRequest()
#10 C:\xampp\htdocs\Projekt\Git\index.php(13): CApplication->run()
#11 {main}
REQUEST_URI=/projekt/Git/index.php?r=site/create
---
2014/04/21 18:05:52 [error] [exception.CException] exception 'CException' with message 'SiteController contains improperly nested widget tags in its view "C:\xampp\htdocs\Projekt\Git\protected\views\site\create.php". A CActiveForm widget does not have an endWidget() call.' in C:\xampp\htdocs\Projekt\Git\framework\web\CBaseController.php:101
Stack trace:
#0 C:\xampp\htdocs\Projekt\Git\framework\web\CController.php(869): CBaseController->renderFile('C:\xampp\htdocs...', Array, true)
#1 C:\xampp\htdocs\Projekt\Git\framework\web\CController.php(782): CController->renderPartial('create', Array, true)
#2 C:\xampp\htdocs\Projekt\Git\protected\controllers\SiteController.php(130): CController->render('create', Array)
#3 C:\xampp\htdocs\Projekt\Git\framework\web\actions\CInlineAction.php(49): SiteController->actionCreate()
#4 C:\xampp\htdocs\Projekt\Git\framework\web\CController.php(308): CInlineAction->runWithParams(Array)
#5 C:\xampp\htdocs\Projekt\Git\framework\web\CController.php(286): CController->runAction(Object(CInlineAction))
#6 C:\xampp\htdocs\Projekt\Git\framework\web\CController.php(265): CController->runActionWithFilters(Object(CInlineAction), Array)
#7 C:\xampp\htdocs\Projekt\Git\framework\web\CWebApplication.php(282): CController->run('create')
#8 C:\xampp\htdocs\Projekt\Git\framework\web\CWebApplication.php(141): CWebApplication->runController('site/create')
#9 C:\xampp\htdocs\Projekt\Git\framework\base\CApplication.php(180): CWebApplication->processRequest()
#10 C:\xampp\htdocs\Projekt\Git\index.php(13): CApplication->run()
#11 {main}
REQUEST_URI=/projekt/Git/index.php?r=site/create
---
2014/04/21 18:06:19 [error] [exception.CException] exception 'CException' with message 'SiteController contains improperly nested widget tags in its view "C:\xampp\htdocs\Projekt\Git\protected\views\site\create.php". A CActiveForm widget does not have an endWidget() call.' in C:\xampp\htdocs\Projekt\Git\framework\web\CBaseController.php:101
Stack trace:
#0 C:\xampp\htdocs\Projekt\Git\framework\web\CController.php(869): CBaseController->renderFile('C:\xampp\htdocs...', Array, true)
#1 C:\xampp\htdocs\Projekt\Git\framework\web\CController.php(782): CController->renderPartial('create', Array, true)
#2 C:\xampp\htdocs\Projekt\Git\protected\controllers\SiteController.php(130): CController->render('create', Array)
#3 C:\xampp\htdocs\Projekt\Git\framework\web\actions\CInlineAction.php(49): SiteController->actionCreate()
#4 C:\xampp\htdocs\Projekt\Git\framework\web\CController.php(308): CInlineAction->runWithParams(Array)
#5 C:\xampp\htdocs\Projekt\Git\framework\web\CController.php(286): CController->runAction(Object(CInlineAction))
#6 C:\xampp\htdocs\Projekt\Git\framework\web\CController.php(265): CController->runActionWithFilters(Object(CInlineAction), Array)
#7 C:\xampp\htdocs\Projekt\Git\framework\web\CWebApplication.php(282): CController->run('create')
#8 C:\xampp\htdocs\Projekt\Git\framework\web\CWebApplication.php(141): CWebApplication->runController('site/create')
#9 C:\xampp\htdocs\Projekt\Git\framework\base\CApplication.php(180): CWebApplication->processRequest()
#10 C:\xampp\htdocs\Projekt\Git\index.php(13): CApplication->run()
#11 {main}
REQUEST_URI=/projekt/Git/index.php?r=site/create
---
2014/04/21 18:06:20 [error] [exception.CException] exception 'CException' with message 'SiteController contains improperly nested widget tags in its view "C:\xampp\htdocs\Projekt\Git\protected\views\site\create.php". A CActiveForm widget does not have an endWidget() call.' in C:\xampp\htdocs\Projekt\Git\framework\web\CBaseController.php:101
Stack trace:
#0 C:\xampp\htdocs\Projekt\Git\framework\web\CController.php(869): CBaseController->renderFile('C:\xampp\htdocs...', Array, true)
#1 C:\xampp\htdocs\Projekt\Git\framework\web\CController.php(782): CController->renderPartial('create', Array, true)
#2 C:\xampp\htdocs\Projekt\Git\protected\controllers\SiteController.php(130): CController->render('create', Array)
#3 C:\xampp\htdocs\Projekt\Git\framework\web\actions\CInlineAction.php(49): SiteController->actionCreate()
#4 C:\xampp\htdocs\Projekt\Git\framework\web\CController.php(308): CInlineAction->runWithParams(Array)
#5 C:\xampp\htdocs\Projekt\Git\framework\web\CController.php(286): CController->runAction(Object(CInlineAction))
#6 C:\xampp\htdocs\Projekt\Git\framework\web\CController.php(265): CController->runActionWithFilters(Object(CInlineAction), Array)
#7 C:\xampp\htdocs\Projekt\Git\framework\web\CWebApplication.php(282): CController->run('create')
#8 C:\xampp\htdocs\Projekt\Git\framework\web\CWebApplication.php(141): CWebApplication->runController('site/create')
#9 C:\xampp\htdocs\Projekt\Git\framework\base\CApplication.php(180): CWebApplication->processRequest()
#10 C:\xampp\htdocs\Projekt\Git\index.php(13): CApplication->run()
#11 {main}
REQUEST_URI=/projekt/Git/index.php?r=site/create
---
2014/04/21 18:06:44 [error] [exception.CException] exception 'CException' with message 'Property "Banner.isNewRecord" is not defined.' in C:\xampp\htdocs\Projekt\Git\framework\base\CComponent.php:130
Stack trace:
#0 C:\xampp\htdocs\Projekt\Git\protected\views\site\create.php(20): CComponent->__get('isNewRecord')
#1 C:\xampp\htdocs\Projekt\Git\framework\web\CBaseController.php(126): require('C:\xampp\htdocs...')
#2 C:\xampp\htdocs\Projekt\Git\framework\web\CBaseController.php(95): CBaseController->renderInternal('C:\xampp\htdocs...', Array, true)
#3 C:\xampp\htdocs\Projekt\Git\framework\web\CController.php(869): CBaseController->renderFile('C:\xampp\htdocs...', Array, true)
#4 C:\xampp\htdocs\Projekt\Git\framework\web\CController.php(782): CController->renderPartial('create', Array, true)
#5 C:\xampp\htdocs\Projekt\Git\protected\controllers\SiteController.php(130): CController->render('create', Array)
#6 C:\xampp\htdocs\Projekt\Git\framework\web\actions\CInlineAction.php(49): SiteController->actionCreate()
#7 C:\xampp\htdocs\Projekt\Git\framework\web\CController.php(308): CInlineAction->runWithParams(Array)
#8 C:\xampp\htdocs\Projekt\Git\framework\web\CController.php(286): CController->runAction(Object(CInlineAction))
#9 C:\xampp\htdocs\Projekt\Git\framework\web\CController.php(265): CController->runActionWithFilters(Object(CInlineAction), Array)
#10 C:\xampp\htdocs\Projekt\Git\framework\web\CWebApplication.php(282): CController->run('create')
#11 C:\xampp\htdocs\Projekt\Git\framework\web\CWebApplication.php(141): CWebApplication->runController('site/create')
#12 C:\xampp\htdocs\Projekt\Git\framework\base\CApplication.php(180): CWebApplication->processRequest()
#13 C:\xampp\htdocs\Projekt\Git\index.php(13): CApplication->run()
#14 {main}
REQUEST_URI=/projekt/Git/index.php?r=site/create
---
2014/04/21 18:07:28 [error] [exception.CException] exception 'CException' with message 'CActiveForm has an extra endWidget() call in its view.' in C:\xampp\htdocs\Projekt\Git\framework\web\CBaseController.php:210
Stack trace:
#0 C:\xampp\htdocs\Projekt\Git\protected\views\site\create.php(25): CBaseController->endWidget()
#1 C:\xampp\htdocs\Projekt\Git\framework\web\CBaseController.php(126): require('C:\xampp\htdocs...')
#2 C:\xampp\htdocs\Projekt\Git\framework\web\CBaseController.php(95): CBaseController->renderInternal('C:\xampp\htdocs...', Array, true)
#3 C:\xampp\htdocs\Projekt\Git\framework\web\CController.php(869): CBaseController->renderFile('C:\xampp\htdocs...', Array, true)
#4 C:\xampp\htdocs\Projekt\Git\framework\web\CController.php(782): CController->renderPartial('create', Array, true)
#5 C:\xampp\htdocs\Projekt\Git\protected\controllers\SiteController.php(130): CController->render('create', Array)
#6 C:\xampp\htdocs\Projekt\Git\framework\web\actions\CInlineAction.php(49): SiteController->actionCreate()
#7 C:\xampp\htdocs\Projekt\Git\framework\web\CController.php(308): CInlineAction->runWithParams(Array)
#8 C:\xampp\htdocs\Projekt\Git\framework\web\CController.php(286): CController->runAction(Object(CInlineAction))
#9 C:\xampp\htdocs\Projekt\Git\framework\web\CController.php(265): CController->runActionWithFilters(Object(CInlineAction), Array)
#10 C:\xampp\htdocs\Projekt\Git\framework\web\CWebApplication.php(282): CController->run('create')
#11 C:\xampp\htdocs\Projekt\Git\framework\web\CWebApplication.php(141): CWebApplication->runController('site/create')
#12 C:\xampp\htdocs\Projekt\Git\framework\base\CApplication.php(180): CWebApplication->processRequest()
#13 C:\xampp\htdocs\Projekt\Git\index.php(13): CApplication->run()
#14 {main}
REQUEST_URI=/projekt/Git/index.php?r=site/create
---
2014/04/21 18:07:44 [error] [exception.CException] exception 'CException' with message 'SiteController contains improperly nested widget tags in its view "C:\xampp\htdocs\Projekt\Git\protected\views\site\create.php". A CActiveForm widget does not have an endWidget() call.' in C:\xampp\htdocs\Projekt\Git\framework\web\CBaseController.php:101
Stack trace:
#0 C:\xampp\htdocs\Projekt\Git\framework\web\CController.php(869): CBaseController->renderFile('C:\xampp\htdocs...', Array, true)
#1 C:\xampp\htdocs\Projekt\Git\framework\web\CController.php(782): CController->renderPartial('create', Array, true)
#2 C:\xampp\htdocs\Projekt\Git\protected\controllers\SiteController.php(130): CController->render('create', Array)
#3 C:\xampp\htdocs\Projekt\Git\framework\web\actions\CInlineAction.php(49): SiteController->actionCreate()
#4 C:\xampp\htdocs\Projekt\Git\framework\web\CController.php(308): CInlineAction->runWithParams(Array)
#5 C:\xampp\htdocs\Projekt\Git\framework\web\CController.php(286): CController->runAction(Object(CInlineAction))
#6 C:\xampp\htdocs\Projekt\Git\framework\web\CController.php(265): CController->runActionWithFilters(Object(CInlineAction), Array)
#7 C:\xampp\htdocs\Projekt\Git\framework\web\CWebApplication.php(282): CController->run('create')
#8 C:\xampp\htdocs\Projekt\Git\framework\web\CWebApplication.php(141): CWebApplication->runController('site/create')
#9 C:\xampp\htdocs\Projekt\Git\framework\base\CApplication.php(180): CWebApplication->processRequest()
#10 C:\xampp\htdocs\Projekt\Git\index.php(13): CApplication->run()
#11 {main}
REQUEST_URI=/projekt/Git/index.php?r=site/create
---
2014/04/21 18:07:48 [error] [exception.CException] exception 'CException' with message 'CActiveForm has an extra endWidget() call in its view.' in C:\xampp\htdocs\Projekt\Git\framework\web\CBaseController.php:210
Stack trace:
#0 C:\xampp\htdocs\Projekt\Git\protected\views\site\create.php(25): CBaseController->endWidget()
#1 C:\xampp\htdocs\Projekt\Git\framework\web\CBaseController.php(126): require('C:\xampp\htdocs...')
#2 C:\xampp\htdocs\Projekt\Git\framework\web\CBaseController.php(95): CBaseController->renderInternal('C:\xampp\htdocs...', Array, true)
#3 C:\xampp\htdocs\Projekt\Git\framework\web\CController.php(869): CBaseController->renderFile('C:\xampp\htdocs...', Array, true)
#4 C:\xampp\htdocs\Projekt\Git\framework\web\CController.php(782): CController->renderPartial('create', Array, true)
#5 C:\xampp\htdocs\Projekt\Git\protected\controllers\SiteController.php(130): CController->render('create', Array)
#6 C:\xampp\htdocs\Projekt\Git\framework\web\actions\CInlineAction.php(49): SiteController->actionCreate()
#7 C:\xampp\htdocs\Projekt\Git\framework\web\CController.php(308): CInlineAction->runWithParams(Array)
#8 C:\xampp\htdocs\Projekt\Git\framework\web\CController.php(286): CController->runAction(Object(CInlineAction))
#9 C:\xampp\htdocs\Projekt\Git\framework\web\CController.php(265): CController->runActionWithFilters(Object(CInlineAction), Array)
#10 C:\xampp\htdocs\Projekt\Git\framework\web\CWebApplication.php(282): CController->run('create')
#11 C:\xampp\htdocs\Projekt\Git\framework\web\CWebApplication.php(141): CWebApplication->runController('site/create')
#12 C:\xampp\htdocs\Projekt\Git\framework\base\CApplication.php(180): CWebApplication->processRequest()
#13 C:\xampp\htdocs\Projekt\Git\index.php(13): CApplication->run()
#14 {main}
REQUEST_URI=/projekt/Git/index.php?r=site/create
---
2014/04/21 18:08:43 [error] [system.db.CDbCommand] CDbCommand::fetchAll() failed: SQLSTATE[42S02]: Base table or view not found: 1146 Table 'testdrive.banner' doesn't exist. The SQL statement executed was: SHOW FULL COLUMNS FROM `Banner`.
in C:\xampp\htdocs\Projekt\Git\protected\controllers\SiteController.php (112)
in C:\xampp\htdocs\Projekt\Git\index.php (13)
2014/04/21 18:08:43 [error] [exception.CDbException] exception 'CDbException' with message 'The table "Banner" for active record class "Banner" cannot be found in the database.' in C:\xampp\htdocs\Projekt\Git\framework\db\ar\CActiveRecord.php:2362
Stack trace:
#0 C:\xampp\htdocs\Projekt\Git\framework\db\ar\CActiveRecord.php(411): CActiveRecordMetaData->__construct(Object(Banner))
#1 C:\xampp\htdocs\Projekt\Git\framework\db\ar\CActiveRecord.php(79): CActiveRecord->getMetaData()
#2 C:\xampp\htdocs\Projekt\Git\protected\controllers\SiteController.php(112): CActiveRecord->__construct()
#3 C:\xampp\htdocs\Projekt\Git\framework\web\actions\CInlineAction.php(49): SiteController->actionCreate()
#4 C:\xampp\htdocs\Projekt\Git\framework\web\CController.php(308): CInlineAction->runWithParams(Array)
#5 C:\xampp\htdocs\Projekt\Git\framework\web\CController.php(286): CController->runAction(Object(CInlineAction))
#6 C:\xampp\htdocs\Projekt\Git\framework\web\CController.php(265): CController->runActionWithFilters(Object(CInlineAction), Array)
#7 C:\xampp\htdocs\Projekt\Git\framework\web\CWebApplication.php(282): CController->run('create')
#8 C:\xampp\htdocs\Projekt\Git\framework\web\CWebApplication.php(141): CWebApplication->runController('site/create')
#9 C:\xampp\htdocs\Projekt\Git\framework\base\CApplication.php(180): CWebApplication->processRequest()
#10 C:\xampp\htdocs\Projekt\Git\index.php(13): CApplication->run()
#11 {main}
REQUEST_URI=/projekt/Git/index.php?r=site/create
---
2014/04/21 18:08:50 [error] [exception.CException] exception 'CException' with message 'Banner and its behaviors do not have a method or closure named "isAttributeRequired".' in C:\xampp\htdocs\Projekt\Git\framework\base\CComponent.php:266
Stack trace:
#0 C:\xampp\htdocs\Projekt\Git\framework\web\helpers\CHtml.php(1414): CComponent->__call('isAttributeRequ...', Array)
#1 C:\xampp\htdocs\Projekt\Git\framework\web\helpers\CHtml.php(1414): Banner->isAttributeRequired('image')
#2 C:\xampp\htdocs\Projekt\Git\framework\web\widgets\CActiveForm.php(597): CHtml::activeLabelEx(Object(Banner), 'image', Array)
#3 C:\xampp\htdocs\Projekt\Git\protected\views\site\create.php(16): CActiveForm->labelEx(Object(Banner), 'image')
#4 C:\xampp\htdocs\Projekt\Git\framework\web\CBaseController.php(126): require('C:\xampp\htdocs...')
#5 C:\xampp\htdocs\Projekt\Git\framework\web\CBaseController.php(95): CBaseController->renderInternal('C:\xampp\htdocs...', Array, true)
#6 C:\xampp\htdocs\Projekt\Git\framework\web\CController.php(869): CBaseController->renderFile('C:\xampp\htdocs...', Array, true)
#7 C:\xampp\htdocs\Projekt\Git\framework\web\CController.php(782): CController->renderPartial('create', Array, true)
#8 C:\xampp\htdocs\Projekt\Git\protected\controllers\SiteController.php(130): CController->render('create', Array)
#9 C:\xampp\htdocs\Projekt\Git\framework\web\actions\CInlineAction.php(49): SiteController->actionCreate()
#10 C:\xampp\htdocs\Projekt\Git\framework\web\CController.php(308): CInlineAction->runWithParams(Array)
#11 C:\xampp\htdocs\Projekt\Git\framework\web\CController.php(286): CController->runAction(Object(CInlineAction))
#12 C:\xampp\htdocs\Projekt\Git\framework\web\CController.php(265): CController->runActionWithFilters(Object(CInlineAction), Array)
#13 C:\xampp\htdocs\Projekt\Git\framework\web\CWebApplication.php(282): CController->run('create')
#14 C:\xampp\htdocs\Projekt\Git\framework\web\CWebApplication.php(141): CWebApplication->runController('site/create')
#15 C:\xampp\htdocs\Projekt\Git\framework\base\CApplication.php(180): CWebApplication->processRequest()
#16 C:\xampp\htdocs\Projekt\Git\index.php(13): CApplication->run()
#17 {main}
REQUEST_URI=/projekt/Git/index.php?r=site/create
---
2014/04/21 18:10:40 [error] [system.db.CDbCommand] CDbCommand::fetchAll() failed: SQLSTATE[42S02]: Base table or view not found: 1146 Table 'testdrive.banner' doesn't exist. The SQL statement executed was: SHOW FULL COLUMNS FROM `Banner`.
in C:\xampp\htdocs\Projekt\Git\protected\controllers\SiteController.php (112)
in C:\xampp\htdocs\Projekt\Git\index.php (13)
2014/04/21 18:10:40 [error] [exception.CDbException] exception 'CDbException' with message 'The table "Banner" for active record class "Banner" cannot be found in the database.' in C:\xampp\htdocs\Projekt\Git\framework\db\ar\CActiveRecord.php:2362
Stack trace:
#0 C:\xampp\htdocs\Projekt\Git\framework\db\ar\CActiveRecord.php(411): CActiveRecordMetaData->__construct(Object(Banner))
#1 C:\xampp\htdocs\Projekt\Git\framework\db\ar\CActiveRecord.php(79): CActiveRecord->getMetaData()
#2 C:\xampp\htdocs\Projekt\Git\protected\controllers\SiteController.php(112): CActiveRecord->__construct()
#3 C:\xampp\htdocs\Projekt\Git\framework\web\actions\CInlineAction.php(49): SiteController->actionCreate()
#4 C:\xampp\htdocs\Projekt\Git\framework\web\CController.php(308): CInlineAction->runWithParams(Array)
#5 C:\xampp\htdocs\Projekt\Git\framework\web\CController.php(286): CController->runAction(Object(CInlineAction))
#6 C:\xampp\htdocs\Projekt\Git\framework\web\CController.php(265): CController->runActionWithFilters(Object(CInlineAction), Array)
#7 C:\xampp\htdocs\Projekt\Git\framework\web\CWebApplication.php(282): CController->run('create')
#8 C:\xampp\htdocs\Projekt\Git\framework\web\CWebApplication.php(141): CWebApplication->runController('site/create')
#9 C:\xampp\htdocs\Projekt\Git\framework\base\CApplication.php(180): CWebApplication->processRequest()
#10 C:\xampp\htdocs\Projekt\Git\index.php(13): CApplication->run()
#11 {main}
REQUEST_URI=/projekt/Git/index.php?r=site/create
---
2014/04/21 18:11:27 [error] [exception.CException] exception 'CException' with message 'CActiveForm has an extra endWidget() call in its view.' in C:\xampp\htdocs\Projekt\Git\framework\web\CBaseController.php:210
Stack trace:
#0 C:\xampp\htdocs\Projekt\Git\protected\views\site\create.php(25): CBaseController->endWidget()
#1 C:\xampp\htdocs\Projekt\Git\framework\web\CBaseController.php(126): require('C:\xampp\htdocs...')
#2 C:\xampp\htdocs\Projekt\Git\framework\web\CBaseController.php(95): CBaseController->renderInternal('C:\xampp\htdocs...', Array, true)
#3 C:\xampp\htdocs\Projekt\Git\framework\web\CController.php(869): CBaseController->renderFile('C:\xampp\htdocs...', Array, true)
#4 C:\xampp\htdocs\Projekt\Git\framework\web\CController.php(782): CController->renderPartial('create', Array, true)
#5 C:\xampp\htdocs\Projekt\Git\protected\controllers\SiteController.php(130): CController->render('create', Array)
#6 C:\xampp\htdocs\Projekt\Git\framework\web\actions\CInlineAction.php(49): SiteController->actionCreate()
#7 C:\xampp\htdocs\Projekt\Git\framework\web\CController.php(308): CInlineAction->runWithParams(Array)
#8 C:\xampp\htdocs\Projekt\Git\framework\web\CController.php(286): CController->runAction(Object(CInlineAction))
#9 C:\xampp\htdocs\Projekt\Git\framework\web\CController.php(265): CController->runActionWithFilters(Object(CInlineAction), Array)
#10 C:\xampp\htdocs\Projekt\Git\framework\web\CWebApplication.php(282): CController->run('create')
#11 C:\xampp\htdocs\Projekt\Git\framework\web\CWebApplication.php(141): CWebApplication->runController('site/create')
#12 C:\xampp\htdocs\Projekt\Git\framework\base\CApplication.php(180): CWebApplication->processRequest()
#13 C:\xampp\htdocs\Projekt\Git\index.php(13): CApplication->run()
#14 {main}
REQUEST_URI=/projekt/Git/index.php?r=site/create
---
2014/04/21 18:11:39 [error] [exception.CException] exception 'CException' with message 'SiteController contains improperly nested widget tags in its view "C:\xampp\htdocs\Projekt\Git\protected\views\site\create.php". A CActiveForm widget does not have an endWidget() call.' in C:\xampp\htdocs\Projekt\Git\framework\web\CBaseController.php:101
Stack trace:
#0 C:\xampp\htdocs\Projekt\Git\framework\web\CController.php(869): CBaseController->renderFile('C:\xampp\htdocs...', Array, true)
#1 C:\xampp\htdocs\Projekt\Git\framework\web\CController.php(782): CController->renderPartial('create', Array, true)
#2 C:\xampp\htdocs\Projekt\Git\protected\controllers\SiteController.php(130): CController->render('create', Array)
#3 C:\xampp\htdocs\Projekt\Git\framework\web\actions\CInlineAction.php(49): SiteController->actionCreate()
#4 C:\xampp\htdocs\Projekt\Git\framework\web\CController.php(308): CInlineAction->runWithParams(Array)
#5 C:\xampp\htdocs\Projekt\Git\framework\web\CController.php(286): CController->runAction(Object(CInlineAction))
#6 C:\xampp\htdocs\Projekt\Git\framework\web\CController.php(265): CController->runActionWithFilters(Object(CInlineAction), Array)
#7 C:\xampp\htdocs\Projekt\Git\framework\web\CWebApplication.php(282): CController->run('create')
#8 C:\xampp\htdocs\Projekt\Git\framework\web\CWebApplication.php(141): CWebApplication->runController('site/create')
#9 C:\xampp\htdocs\Projekt\Git\framework\base\CApplication.php(180): CWebApplication->processRequest()
#10 C:\xampp\htdocs\Projekt\Git\index.php(13): CApplication->run()
#11 {main}
REQUEST_URI=/projekt/Git/index.php?r=site/create
---
2014/04/21 18:16:25 [warning] [application] Failed to set unsafe attribute "image" of "Banner".
in C:\xampp\htdocs\Projekt\Git\protected\controllers\SiteController.php (116)
in C:\xampp\htdocs\Projekt\Git\index.php (13)
2014/04/21 18:16:25 [error] [php] move_uploaded_file(C:\xampp\htdocs\Projekt\Git\protected/../banner/3401-Neues Textdokument.jpg): failed to open stream: No such file or directory (C:\xampp\htdocs\Projekt\Git\framework\web\CUploadedFile.php:198)
Stack trace:
#0 C:\xampp\htdocs\Projekt\Git\framework\web\actions\CInlineAction.php(49): SiteController->actionCreate()
#1 C:\xampp\htdocs\Projekt\Git\framework\web\CController.php(308): CInlineAction->runWithParams()
#2 C:\xampp\htdocs\Projekt\Git\framework\web\CController.php(286): SiteController->runAction()
#3 C:\xampp\htdocs\Projekt\Git\framework\web\CController.php(265): SiteController->runActionWithFilters()
#4 C:\xampp\htdocs\Projekt\Git\framework\web\CWebApplication.php(282): SiteController->run()
#5 C:\xampp\htdocs\Projekt\Git\framework\web\CWebApplication.php(141): CWebApplication->runController()
#6 C:\xampp\htdocs\Projekt\Git\framework\base\CApplication.php(180): CWebApplication->processRequest()
#7 C:\xampp\htdocs\Projekt\Git\index.php(13): CWebApplication->run()
REQUEST_URI=/projekt/Git/index.php?r=site/create
in C:\xampp\htdocs\Projekt\Git\protected\controllers\SiteController.php (124)
in C:\xampp\htdocs\Projekt\Git\index.php (13)
2014/04/21 18:17:19 [warning] [application] Failed to set unsafe attribute "image" of "Banner".
in C:\xampp\htdocs\Projekt\Git\protected\controllers\SiteController.php (116)
in C:\xampp\htdocs\Projekt\Git\index.php (13)
2014/04/21 18:17:20 [error] [exception.CHttpException.404] exception 'CHttpException' with message 'The system is unable to find the requested action "admin".' in C:\xampp\htdocs\Projekt\Git\framework\web\CController.php:483
Stack trace:
#0 C:\xampp\htdocs\Projekt\Git\framework\web\CController.php(270): CController->missingAction('admin')
#1 C:\xampp\htdocs\Projekt\Git\framework\web\CWebApplication.php(282): CController->run('admin')
#2 C:\xampp\htdocs\Projekt\Git\framework\web\CWebApplication.php(141): CWebApplication->runController('site/admin')
#3 C:\xampp\htdocs\Projekt\Git\framework\base\CApplication.php(180): CWebApplication->processRequest()
#4 C:\xampp\htdocs\Projekt\Git\index.php(13): CApplication->run()
#5 {main}
REQUEST_URI=/projekt/Git/index.php?r=site/admin
HTTP_REFERER=http://localhost/projekt/Git/index.php?r=site/create
---
2014/04/21 18:17:32 [warning] [application] Failed to set unsafe attribute "image" of "Banner".
in C:\xampp\htdocs\Projekt\Git\protected\controllers\SiteController.php (116)
in C:\xampp\htdocs\Projekt\Git\index.php (13)
2014/04/21 18:17:32 [error] [exception.CHttpException.404] exception 'CHttpException' with message 'The system is unable to find the requested action "admin".' in C:\xampp\htdocs\Projekt\Git\framework\web\CController.php:483
Stack trace:
#0 C:\xampp\htdocs\Projekt\Git\framework\web\CController.php(270): CController->missingAction('admin')
#1 C:\xampp\htdocs\Projekt\Git\framework\web\CWebApplication.php(282): CController->run('admin')
#2 C:\xampp\htdocs\Projekt\Git\framework\web\CWebApplication.php(141): CWebApplication->runController('site/admin')
#3 C:\xampp\htdocs\Projekt\Git\framework\base\CApplication.php(180): CWebApplication->processRequest()
#4 C:\xampp\htdocs\Projekt\Git\index.php(13): CApplication->run()
#5 {main}
REQUEST_URI=/projekt/Git/index.php?r=site/admin
HTTP_REFERER=http://localhost/projekt/Git/index.php?r=site/create
---
2014/04/21 18:18:24 [warning] [application] Failed to set unsafe attribute "image" of "Banner".
in C:\xampp\htdocs\Projekt\Git\protected\controllers\SiteController.php (116)
in C:\xampp\htdocs\Projekt\Git\index.php (13)
2014/04/25 11:03:48 [error] [php] Use of undefined constant time - assumed 'time' (C:\xampp\htdocs\Projekt\Git\protected\controllers\SiteController.php:111)
Stack trace:
#0 C:\xampp\htdocs\Projekt\Git\framework\web\CController.php(286): SiteController->runAction()
#1 C:\xampp\htdocs\Projekt\Git\framework\web\CController.php(265): SiteController->runActionWithFilters()
#2 C:\xampp\htdocs\Projekt\Git\framework\web\CWebApplication.php(282): SiteController->run()
#3 C:\xampp\htdocs\Projekt\Git\framework\web\CWebApplication.php(141): CWebApplication->runController()
#4 C:\xampp\htdocs\Projekt\Git\framework\base\CApplication.php(180): CWebApplication->processRequest()
#5 C:\xampp\htdocs\Projekt\Git\index.php(13): CWebApplication->run()
REQUEST_URI=/projekt/Git/index.php?r=site/pdfUpload
in C:\xampp\htdocs\Projekt\Git\protected\controllers\SiteController.php (111)
in C:\xampp\htdocs\Projekt\Git\index.php (13)
2014/04/25 11:04:03 [error] [php] include(CActivForm.php): failed to open stream: No such file or directory (C:\xampp\htdocs\Projekt\Git\framework\YiiBase.php:427)
Stack trace:
#0 C:\xampp\htdocs\Projekt\Git\framework\web\CWidgetFactory.php(146): import()
#1 C:\xampp\htdocs\Projekt\Git\framework\web\CBaseController.php(146): CWidgetFactory->createWidget()
#2 C:\xampp\htdocs\Projekt\Git\framework\web\CBaseController.php(189): SiteController->createWidget()
#3 C:\xampp\htdocs\Projekt\Git\protected\views\site\pdfUpload.php(12): SiteController->beginWidget()
#4 C:\xampp\htdocs\Projekt\Git\framework\web\CBaseController.php(126): require()
#5 C:\xampp\htdocs\Projekt\Git\framework\web\CBaseController.php(95): SiteController->renderInternal()
#6 C:\xampp\htdocs\Projekt\Git\framework\web\CController.php(869): SiteController->renderFile()
#7 C:\xampp\htdocs\Projekt\Git\framework\web\CController.php(782): SiteController->renderPartial()
#8 C:\xampp\htdocs\Projekt\Git\protected\controllers\SiteController.php(112): SiteController->render()
#9 C:\xampp\htdocs\Projekt\Git\framework\web\actions\CInlineAction.php(49): SiteController->actionPdfUpload()
#10 C:\xampp\htdocs\Projekt\Git\framework\web\CController.php(308): CInlineAction->runWithParams()
#11 C:\xampp\htdocs\Projekt\Git\framework\web\CController.php(286): SiteController->runAction()
#12 C:\xampp\htdocs\Projekt\Git\framework\web\CController.php(265): SiteController->runActionWithFilters()
#13 C:\xampp\htdocs\Projekt\Git\framework\web\CWebApplication.php(282): SiteController->run()
#14 C:\xampp\htdocs\Projekt\Git\framework\web\CWebApplication.php(141): CWebApplication->runController()
#15 C:\xampp\htdocs\Projekt\Git\framework\base\CApplication.php(180): CWebApplication->processRequest()
#16 C:\xampp\htdocs\Projekt\Git\index.php(13): CWebApplication->run()
REQUEST_URI=/projekt/Git/index.php?r=site/pdfUpload
in C:\xampp\htdocs\Projekt\Git\protected\views\site\pdfUpload.php (12)
in C:\xampp\htdocs\Projekt\Git\protected\controllers\SiteController.php (112)
in C:\xampp\htdocs\Projekt\Git\index.php (13)
2014/04/25 11:05:16 [error] [php] include(CActivForm.php): failed to open stream: No such file or directory (C:\xampp\htdocs\Projekt\Git\framework\YiiBase.php:427)
Stack trace:
#0 C:\xampp\htdocs\Projekt\Git\framework\web\CWidgetFactory.php(146): import()
#1 C:\xampp\htdocs\Projekt\Git\framework\web\CBaseController.php(146): CWidgetFactory->createWidget()
#2 C:\xampp\htdocs\Projekt\Git\framework\web\CBaseController.php(189): SiteController->createWidget()
#3 C:\xampp\htdocs\Projekt\Git\protected\views\site\pdfUpload.php(12): SiteController->beginWidget()
#4 C:\xampp\htdocs\Projekt\Git\framework\web\CBaseController.php(126): require()
#5 C:\xampp\htdocs\Projekt\Git\framework\web\CBaseController.php(95): SiteController->renderInternal()
#6 C:\xampp\htdocs\Projekt\Git\framework\web\CController.php(869): SiteController->renderFile()
#7 C:\xampp\htdocs\Projekt\Git\framework\web\CController.php(782): SiteController->renderPartial()
#8 C:\xampp\htdocs\Projekt\Git\protected\controllers\SiteController.php(112): SiteController->render()
#9 C:\xampp\htdocs\Projekt\Git\framework\web\actions\CInlineAction.php(49): SiteController->actionPdfUpload()
#10 C:\xampp\htdocs\Projekt\Git\framework\web\CController.php(308): CInlineAction->runWithParams()
#11 C:\xampp\htdocs\Projekt\Git\framework\web\CController.php(286): SiteController->runAction()
#12 C:\xampp\htdocs\Projekt\Git\framework\web\CController.php(265): SiteController->runActionWithFilters()
#13 C:\xampp\htdocs\Projekt\Git\framework\web\CWebApplication.php(282): SiteController->run()
#14 C:\xampp\htdocs\Projekt\Git\framework\web\CWebApplication.php(141): CWebApplication->runController()
#15 C:\xampp\htdocs\Projekt\Git\framework\base\CApplication.php(180): CWebApplication->processRequest()
#16 C:\xampp\htdocs\Projekt\Git\index.php(13): CWebApplication->run()
REQUEST_URI=/projekt/Git/index.php?r=site/pdfUpload
in C:\xampp\htdocs\Projekt\Git\protected\views\site\pdfUpload.php (12)
in C:\xampp\htdocs\Projekt\Git\protected\controllers\SiteController.php (112)
in C:\xampp\htdocs\Projekt\Git\index.php (13)
2014/04/25 11:06:04 [error] [exception.CException] exception 'CException' with message 'SiteController contains improperly nested widget tags in its view "C:\xampp\htdocs\Projekt\Git\protected\views\site\pdfUpload.php". A CActiveForm widget does not have an endWidget() call.' in C:\xampp\htdocs\Projekt\Git\framework\web\CBaseController.php:101
Stack trace:
#0 C:\xampp\htdocs\Projekt\Git\framework\web\CController.php(869): CBaseController->renderFile('C:\xampp\htdocs...', Array, true)
#1 C:\xampp\htdocs\Projekt\Git\framework\web\CController.php(782): CController->renderPartial('pdfUpload', Array, true)
#2 C:\xampp\htdocs\Projekt\Git\protected\controllers\SiteController.php(112): CController->render('pdfUpload', Array)
#3 C:\xampp\htdocs\Projekt\Git\framework\web\actions\CInlineAction.php(49): SiteController->actionPdfUpload()
#4 C:\xampp\htdocs\Projekt\Git\framework\web\CController.php(308): CInlineAction->runWithParams(Array)
#5 C:\xampp\htdocs\Projekt\Git\framework\web\CController.php(286): CController->runAction(Object(CInlineAction))
#6 C:\xampp\htdocs\Projekt\Git\framework\web\CController.php(265): CController->runActionWithFilters(Object(CInlineAction), Array)
#7 C:\xampp\htdocs\Projekt\Git\framework\web\CWebApplication.php(282): CController->run('pdfUpload')
#8 C:\xampp\htdocs\Projekt\Git\framework\web\CWebApplication.php(141): CWebApplication->runController('site/pdfUpload')
#9 C:\xampp\htdocs\Projekt\Git\framework\base\CApplication.php(180): CWebApplication->processRequest()
#10 C:\xampp\htdocs\Projekt\Git\index.php(13): CApplication->run()
#11 {main}
REQUEST_URI=/projekt/Git/index.php?r=site/pdfUpload
---
2014/04/25 11:06:42 [error] [exception.CException] exception 'CException' with message 'SiteController contains improperly nested widget tags in its view "C:\xampp\htdocs\Projekt\Git\protected\views\site\pdfUpload.php". A CActiveForm widget does not have an endWidget() call.' in C:\xampp\htdocs\Projekt\Git\framework\web\CBaseController.php:101
Stack trace:
#0 C:\xampp\htdocs\Projekt\Git\framework\web\CController.php(869): CBaseController->renderFile('C:\xampp\htdocs...', Array, true)
#1 C:\xampp\htdocs\Projekt\Git\framework\web\CController.php(782): CController->renderPartial('pdfUpload', Array, true)
#2 C:\xampp\htdocs\Projekt\Git\protected\controllers\SiteController.php(112): CController->render('pdfUpload', Array)
#3 C:\xampp\htdocs\Projekt\Git\framework\web\actions\CInlineAction.php(49): SiteController->actionPdfUpload()
#4 C:\xampp\htdocs\Projekt\Git\framework\web\CController.php(308): CInlineAction->runWithParams(Array)
#5 C:\xampp\htdocs\Projekt\Git\framework\web\CController.php(286): CController->runAction(Object(CInlineAction))
#6 C:\xampp\htdocs\Projekt\Git\framework\web\CController.php(265): CController->runActionWithFilters(Object(CInlineAction), Array)
#7 C:\xampp\htdocs\Projekt\Git\framework\web\CWebApplication.php(282): CController->run('pdfUpload')
#8 C:\xampp\htdocs\Projekt\Git\framework\web\CWebApplication.php(141): CWebApplication->runController('site/pdfUpload')
#9 C:\xampp\htdocs\Projekt\Git\framework\base\CApplication.php(180): CWebApplication->processRequest()
#10 C:\xampp\htdocs\Projekt\Git\index.php(13): CApplication->run()
#11 {main}
REQUEST_URI=/projekt/Git/index.php?r=site/pdfUpload
---
2014/04/25 11:07:56 [error] [php] include(string.php): failed to open stream: No such file or directory (C:\xampp\htdocs\Projekt\Git\framework\YiiBase.php:427)
Stack trace:
#0 C:\xampp\htdocs\Projekt\Git\framework\validators\CValidator.php(186): import()
#1 C:\xampp\htdocs\Projekt\Git\framework\base\CModel.php(287): createValidator()
#2 C:\xampp\htdocs\Projekt\Git\framework\base\CModel.php(260): PdfTable->createValidators()
#3 C:\xampp\htdocs\Projekt\Git\framework\base\CModel.php(304): PdfTable->getValidators()
#4 C:\xampp\htdocs\Projekt\Git\framework\web\helpers\CHtml.php(1414): PdfTable->isAttributeRequired()
#5 C:\xampp\htdocs\Projekt\Git\framework\web\widgets\CActiveForm.php(597): activeLabelEx()
#6 C:\xampp\htdocs\Projekt\Git\protected\views\site\pdfUpload.php(15): CActiveForm->labelEx()
#7 C:\xampp\htdocs\Projekt\Git\framework\web\CBaseController.php(126): require()
#8 C:\xampp\htdocs\Projekt\Git\framework\web\CBaseController.php(95): SiteController->renderInternal()
#9 C:\xampp\htdocs\Projekt\Git\framework\web\CController.php(869): SiteController->renderFile()
#10 C:\xampp\htdocs\Projekt\Git\framework\web\CController.php(782): SiteController->renderPartial()
#11 C:\xampp\htdocs\Projekt\Git\protected\controllers\SiteController.php(112): SiteController->render()
#12 C:\xampp\htdocs\Projekt\Git\framework\web\actions\CInlineAction.php(49): SiteController->actionPdfUpload()
#13 C:\xampp\htdocs\Projekt\Git\framework\web\CController.php(308): CInlineAction->runWithParams()
#14 C:\xampp\htdocs\Projekt\Git\framework\web\CController.php(286): SiteController->runAction()
#15 C:\xampp\htdocs\Projekt\Git\framework\web\CController.php(265): SiteController->runActionWithFilters()
#16 C:\xampp\htdocs\Projekt\Git\framework\web\CWebApplication.php(282): SiteController->run()
#17 C:\xampp\htdocs\Projekt\Git\framework\web\CWebApplication.php(141): CWebApplication->runController()
#18 C:\xampp\htdocs\Projekt\Git\framework\base\CApplication.php(180): CWebApplication->processRequest()
#19 C:\xampp\htdocs\Projekt\Git\index.php(13): CWebApplication->run()
REQUEST_URI=/projekt/Git/index.php?r=site/pdfUpload
in C:\xampp\htdocs\Projekt\Git\protected\views\site\pdfUpload.php (15)
in C:\xampp\htdocs\Projekt\Git\protected\controllers\SiteController.php (112)
in C:\xampp\htdocs\Projekt\Git\index.php (13)
2014/04/25 11:08:19 [error] [php] include(string.php): failed to open stream: No such file or directory (C:\xampp\htdocs\Projekt\Git\framework\YiiBase.php:427)
Stack trace:
#0 C:\xampp\htdocs\Projekt\Git\framework\validators\CValidator.php(186): import()
#1 C:\xampp\htdocs\Projekt\Git\framework\base\CModel.php(287): createValidator()
#2 C:\xampp\htdocs\Projekt\Git\framework\base\CModel.php(260): PdfTable->createValidators()
#3 C:\xampp\htdocs\Projekt\Git\framework\base\CModel.php(304): PdfTable->getValidators()
#4 C:\xampp\htdocs\Projekt\Git\framework\web\helpers\CHtml.php(1414): PdfTable->isAttributeRequired()
#5 C:\xampp\htdocs\Projekt\Git\framework\web\widgets\CActiveForm.php(597): activeLabelEx()
#6 C:\xampp\htdocs\Projekt\Git\protected\views\site\pdfUpload.php(15): CActiveForm->labelEx()
#7 C:\xampp\htdocs\Projekt\Git\framework\web\CBaseController.php(126): require()
#8 C:\xampp\htdocs\Projekt\Git\framework\web\CBaseController.php(95): SiteController->renderInternal()
#9 C:\xampp\htdocs\Projekt\Git\framework\web\CController.php(869): SiteController->renderFile()
#10 C:\xampp\htdocs\Projekt\Git\framework\web\CController.php(782): SiteController->renderPartial()
#11 C:\xampp\htdocs\Projekt\Git\protected\controllers\SiteController.php(112): SiteController->render()
#12 C:\xampp\htdocs\Projekt\Git\framework\web\actions\CInlineAction.php(49): SiteController->actionPdfUpload()
#13 C:\xampp\htdocs\Projekt\Git\framework\web\CController.php(308): CInlineAction->runWithParams()
#14 C:\xampp\htdocs\Projekt\Git\framework\web\CController.php(286): SiteController->runAction()
#15 C:\xampp\htdocs\Projekt\Git\framework\web\CController.php(265): SiteController->runActionWithFilters()
#16 C:\xampp\htdocs\Projekt\Git\framework\web\CWebApplication.php(282): SiteController->run()
#17 C:\xampp\htdocs\Projekt\Git\framework\web\CWebApplication.php(141): CWebApplication->runController()
#18 C:\xampp\htdocs\Projekt\Git\framework\base\CApplication.php(180): CWebApplication->processRequest()
#19 C:\xampp\htdocs\Projekt\Git\index.php(13): CWebApplication->run()
REQUEST_URI=/projekt/Git/index.php?r=site/pdfUpload
in C:\xampp\htdocs\Projekt\Git\protected\views\site\pdfUpload.php (15)
in C:\xampp\htdocs\Projekt\Git\protected\controllers\SiteController.php (112)
in C:\xampp\htdocs\Projekt\Git\index.php (13)
2014/04/25 11:09:10 [error] [exception.CException] exception 'CException' with message 'PdfTable has an invalid validation rule. The rule must specify attributes to be validated and the validator name.' in C:\xampp\htdocs\Projekt\Git\framework\base\CModel.php:289
Stack trace:
#0 C:\xampp\htdocs\Projekt\Git\framework\base\CModel.php(260): CModel->createValidators()
#1 C:\xampp\htdocs\Projekt\Git\framework\base\CModel.php(304): CModel->getValidators('path')
#2 C:\xampp\htdocs\Projekt\Git\framework\web\helpers\CHtml.php(1414): CModel->isAttributeRequired('path')
#3 C:\xampp\htdocs\Projekt\Git\framework\web\widgets\CActiveForm.php(597): CHtml::activeLabelEx(Object(PdfTable), 'path', Array)
#4 C:\xampp\htdocs\Projekt\Git\protected\views\site\pdfUpload.php(15): CActiveForm->labelEx(Object(PdfTable), 'path')
#5 C:\xampp\htdocs\Projekt\Git\framework\web\CBaseController.php(126): require('C:\xampp\htdocs...')
#6 C:\xampp\htdocs\Projekt\Git\framework\web\CBaseController.php(95): CBaseController->renderInternal('C:\xampp\htdocs...', Array, true)
#7 C:\xampp\htdocs\Projekt\Git\framework\web\CController.php(869): CBaseController->renderFile('C:\xampp\htdocs...', Array, true)
#8 C:\xampp\htdocs\Projekt\Git\framework\web\CController.php(782): CController->renderPartial('pdfUpload', Array, true)
#9 C:\xampp\htdocs\Projekt\Git\protected\controllers\SiteController.php(112): CController->render('pdfUpload', Array)
#10 C:\xampp\htdocs\Projekt\Git\framework\web\actions\CInlineAction.php(49): SiteController->actionPdfUpload()
#11 C:\xampp\htdocs\Projekt\Git\framework\web\CController.php(308): CInlineAction->runWithParams(Array)
#12 C:\xampp\htdocs\Projekt\Git\framework\web\CController.php(286): CController->runAction(Object(CInlineAction))
#13 C:\xampp\htdocs\Projekt\Git\framework\web\CController.php(265): CController->runActionWithFilters(Object(CInlineAction), Array)
#14 C:\xampp\htdocs\Projekt\Git\framework\web\CWebApplication.php(282): CController->run('pdfUpload')
#15 C:\xampp\htdocs\Projekt\Git\framework\web\CWebApplication.php(141): CWebApplication->runController('site/pdfUpload')
#16 C:\xampp\htdocs\Projekt\Git\framework\base\CApplication.php(180): CWebApplication->processRequest()
#17 C:\xampp\htdocs\Projekt\Git\index.php(13): CApplication->run()
#18 {main}
REQUEST_URI=/projekt/Git/index.php?r=site/pdfUpload
---
2014/04/25 11:09:17 [error] [php] include(name.php): failed to open stream: No such file or directory (C:\xampp\htdocs\Projekt\Git\framework\YiiBase.php:427)
Stack trace:
#0 C:\xampp\htdocs\Projekt\Git\framework\validators\CValidator.php(186): import()
#1 C:\xampp\htdocs\Projekt\Git\framework\base\CModel.php(287): createValidator()
#2 C:\xampp\htdocs\Projekt\Git\framework\base\CModel.php(260): PdfTable->createValidators()
#3 C:\xampp\htdocs\Projekt\Git\framework\base\CModel.php(304): PdfTable->getValidators()
#4 C:\xampp\htdocs\Projekt\Git\framework\web\helpers\CHtml.php(1414): PdfTable->isAttributeRequired()
#5 C:\xampp\htdocs\Projekt\Git\framework\web\widgets\CActiveForm.php(597): activeLabelEx()
#6 C:\xampp\htdocs\Projekt\Git\protected\views\site\pdfUpload.php(15): CActiveForm->labelEx()
#7 C:\xampp\htdocs\Projekt\Git\framework\web\CBaseController.php(126): require()
#8 C:\xampp\htdocs\Projekt\Git\framework\web\CBaseController.php(95): SiteController->renderInternal()
#9 C:\xampp\htdocs\Projekt\Git\framework\web\CController.php(869): SiteController->renderFile()
#10 C:\xampp\htdocs\Projekt\Git\framework\web\CController.php(782): SiteController->renderPartial()
#11 C:\xampp\htdocs\Projekt\Git\protected\controllers\SiteController.php(112): SiteController->render()
#12 C:\xampp\htdocs\Projekt\Git\framework\web\actions\CInlineAction.php(49): SiteController->actionPdfUpload()
#13 C:\xampp\htdocs\Projekt\Git\framework\web\CController.php(308): CInlineAction->runWithParams()
#14 C:\xampp\htdocs\Projekt\Git\framework\web\CController.php(286): SiteController->runAction()
#15 C:\xampp\htdocs\Projekt\Git\framework\web\CController.php(265): SiteController->runActionWithFilters()
#16 C:\xampp\htdocs\Projekt\Git\framework\web\CWebApplication.php(282): SiteController->run()
#17 C:\xampp\htdocs\Projekt\Git\framework\web\CWebApplication.php(141): CWebApplication->runController()
#18 C:\xampp\htdocs\Projekt\Git\framework\base\CApplication.php(180): CWebApplication->processRequest()
#19 C:\xampp\htdocs\Projekt\Git\index.php(13): CWebApplication->run()
REQUEST_URI=/projekt/Git/index.php?r=site/pdfUpload
in C:\xampp\htdocs\Projekt\Git\protected\views\site\pdfUpload.php (15)
in C:\xampp\htdocs\Projekt\Git\protected\controllers\SiteController.php (112)
in C:\xampp\htdocs\Projekt\Git\index.php (13)
2014/04/25 11:11:27 [error] [php] Missing argument 1 for CActiveForm::fileField(), called in C:\xampp\htdocs\Projekt\Git\protected\views\site\pdfUpload.php on line 17 and defined (C:\xampp\htdocs\Projekt\Git\framework\web\widgets\CActiveForm.php:799)
Stack trace:
#0 C:\xampp\htdocs\Projekt\Git\framework\web\CBaseController.php(95): SiteController->renderInternal()
#1 C:\xampp\htdocs\Projekt\Git\framework\web\CController.php(869): SiteController->renderFile()
#2 C:\xampp\htdocs\Projekt\Git\framework\web\CController.php(782): SiteController->renderPartial()
#3 C:\xampp\htdocs\Projekt\Git\protected\controllers\SiteController.php(112): SiteController->render()
#4 C:\xampp\htdocs\Projekt\Git\framework\web\actions\CInlineAction.php(49): SiteController->actionPdfUpload()
#5 C:\xampp\htdocs\Projekt\Git\framework\web\CController.php(308): CInlineAction->runWithParams()
#6 C:\xampp\htdocs\Projekt\Git\framework\web\CController.php(286): SiteController->runAction()
#7 C:\xampp\htdocs\Projekt\Git\framework\web\CController.php(265): SiteController->runActionWithFilters()
#8 C:\xampp\htdocs\Projekt\Git\framework\web\CWebApplication.php(282): SiteController->run()
#9 C:\xampp\htdocs\Projekt\Git\framework\web\CWebApplication.php(141): CWebApplication->runController()
#10 C:\xampp\htdocs\Projekt\Git\framework\base\CApplication.php(180): CWebApplication->processRequest()
#11 C:\xampp\htdocs\Projekt\Git\index.php(13): CWebApplication->run()
REQUEST_URI=/projekt/Git/index.php?r=site/pdfUpload
in C:\xampp\htdocs\Projekt\Git\protected\views\site\pdfUpload.php (17)
in C:\xampp\htdocs\Projekt\Git\protected\controllers\SiteController.php (112)
in C:\xampp\htdocs\Projekt\Git\index.php (13)
2014/04/25 11:26:23 [warning] [application] Failed to set unsafe attribute "path" of "PdfTable".
in C:\xampp\htdocs\Projekt\Git\protected\controllers\SiteController.php (115)
in C:\xampp\htdocs\Projekt\Git\index.php (13)
2014/04/25 11:26:39 [warning] [application] Failed to set unsafe attribute "path" of "PdfTable".
in C:\xampp\htdocs\Projekt\Git\protected\controllers\SiteController.php (115)
in C:\xampp\htdocs\Projekt\Git\index.php (13)
2014/04/25 11:27:01 [warning] [application] Failed to set unsafe attribute "path" of "PdfTable".
in C:\xampp\htdocs\Projekt\Git\protected\controllers\SiteController.php (115)
in C:\xampp\htdocs\Projekt\Git\index.php (13)
2014/04/25 11:31:58 [warning] [application] Failed to set unsafe attribute "path" of "PdfTable".
in C:\xampp\htdocs\Projekt\Git\protected\controllers\SiteController.php (114)
in C:\xampp\htdocs\Projekt\Git\index.php (13)
2014/04/25 11:32:09 [warning] [application] Failed to set unsafe attribute "path" of "PdfTable".
in C:\xampp\htdocs\Projekt\Git\protected\controllers\SiteController.php (114)
in C:\xampp\htdocs\Projekt\Git\index.php (13)
2014/04/25 11:32:53 [warning] [application] Failed to set unsafe attribute "path" of "PdfTable".
in C:\xampp\htdocs\Projekt\Git\protected\controllers\SiteController.php (114)
in C:\xampp\htdocs\Projekt\Git\index.php (13)
2014/04/25 11:34:21 [warning] [application] Failed to set unsafe attribute "path" of "PdfTable".
in C:\xampp\htdocs\Projekt\Git\protected\controllers\SiteController.php (114)
in C:\xampp\htdocs\Projekt\Git\index.php (13)
2014/04/25 11:34:43 [warning] [application] Failed to set unsafe attribute "path" of "PdfTable".
in C:\xampp\htdocs\Projekt\Git\protected\controllers\SiteController.php (114)
in C:\xampp\htdocs\Projekt\Git\index.php (13)
2014/04/25 11:36:46 [warning] [application] Failed to set unsafe attribute "path" of "PdfTable".
in C:\xampp\htdocs\Projekt\Git\protected\controllers\SiteController.php (114)
in C:\xampp\htdocs\Projekt\Git\index.php (13)
2014/04/25 11:37:07 [warning] [application] Failed to set unsafe attribute "path" of "PdfTable".
in C:\xampp\htdocs\Projekt\Git\protected\controllers\SiteController.php (114)
in C:\xampp\htdocs\Projekt\Git\index.php (13)
2014/04/25 11:38:16 [warning] [application] Failed to set unsafe attribute "path" of "PdfTable".
in C:\xampp\htdocs\Projekt\Git\protected\controllers\SiteController.php (114)
in C:\xampp\htdocs\Projekt\Git\index.php (13)
2014/04/25 11:38:16 [error] [php] Undefined variable: uploadedFile (C:\xampp\htdocs\Projekt\Git\protected\controllers\SiteController.php:116)
Stack trace:
#0 C:\xampp\htdocs\Projekt\Git\framework\web\CController.php(286): SiteController->runAction()
#1 C:\xampp\htdocs\Projekt\Git\framework\web\CController.php(265): SiteController->runActionWithFilters()
#2 C:\xampp\htdocs\Projekt\Git\framework\web\CWebApplication.php(282): SiteController->run()
#3 C:\xampp\htdocs\Projekt\Git\framework\web\CWebApplication.php(141): CWebApplication->runController()
#4 C:\xampp\htdocs\Projekt\Git\framework\base\CApplication.php(180): CWebApplication->processRequest()
#5 C:\xampp\htdocs\Projekt\Git\index.php(13): CWebApplication->run()
REQUEST_URI=/projekt/Git/index.php?r=site/pdfUpload
in C:\xampp\htdocs\Projekt\Git\protected\controllers\SiteController.php (116)
in C:\xampp\htdocs\Projekt\Git\index.php (13)
2014/04/25 11:38:34 [warning] [application] Failed to set unsafe attribute "path" of "PdfTable".
in C:\xampp\htdocs\Projekt\Git\protected\controllers\SiteController.php (114)
in C:\xampp\htdocs\Projekt\Git\index.php (13)
2014/04/25 11:38:34 [error] [php] Undefined variable: uploadedFile (C:\xampp\htdocs\Projekt\Git\protected\controllers\SiteController.php:116)
Stack trace:
#0 C:\xampp\htdocs\Projekt\Git\framework\web\CController.php(286): SiteController->runAction()
#1 C:\xampp\htdocs\Projekt\Git\framework\web\CController.php(265): SiteController->runActionWithFilters()
#2 C:\xampp\htdocs\Projekt\Git\framework\web\CWebApplication.php(282): SiteController->run()
#3 C:\xampp\htdocs\Projekt\Git\framework\web\CWebApplication.php(141): CWebApplication->runController()
#4 C:\xampp\htdocs\Projekt\Git\framework\base\CApplication.php(180): CWebApplication->processRequest()
#5 C:\xampp\htdocs\Projekt\Git\index.php(13): CWebApplication->run()
REQUEST_URI=/projekt/Git/index.php?r=site/pdfUpload
in C:\xampp\htdocs\Projekt\Git\protected\controllers\SiteController.php (116)
in C:\xampp\htdocs\Projekt\Git\index.php (13)
2014/04/25 11:38:52 [warning] [application] Failed to set unsafe attribute "path" of "PdfTable".
in C:\xampp\htdocs\Projekt\Git\protected\controllers\SiteController.php (114)
in C:\xampp\htdocs\Projekt\Git\index.php (13)
2014/04/25 11:38:52 [error] [php] Undefined variable: uploadedFile (C:\xampp\htdocs\Projekt\Git\protected\controllers\SiteController.php:116)
Stack trace:
#0 C:\xampp\htdocs\Projekt\Git\framework\web\CController.php(286): SiteController->runAction()
#1 C:\xampp\htdocs\Projekt\Git\framework\web\CController.php(265): SiteController->runActionWithFilters()
#2 C:\xampp\htdocs\Projekt\Git\framework\web\CWebApplication.php(282): SiteController->run()
#3 C:\xampp\htdocs\Projekt\Git\framework\web\CWebApplication.php(141): CWebApplication->runController()
#4 C:\xampp\htdocs\Projekt\Git\framework\base\CApplication.php(180): CWebApplication->processRequest()
#5 C:\xampp\htdocs\Projekt\Git\index.php(13): CWebApplication->run()
REQUEST_URI=/projekt/Git/index.php?r=site/pdfUpload
in C:\xampp\htdocs\Projekt\Git\protected\controllers\SiteController.php (116)
in C:\xampp\htdocs\Projekt\Git\index.php (13)
2014/04/25 11:39:01 [warning] [application] Failed to set unsafe attribute "path" of "PdfTable".
in C:\xampp\htdocs\Projekt\Git\protected\controllers\SiteController.php (114)
in C:\xampp\htdocs\Projekt\Git\index.php (13)
2014/04/25 11:39:30 [warning] [application] Failed to set unsafe attribute "path" of "PdfTable".
in C:\xampp\htdocs\Projekt\Git\protected\controllers\SiteController.php (114)
in C:\xampp\htdocs\Projekt\Git\index.php (13)
2014/04/25 11:39:30 [error] [php] move_uploaded_file(C:\xampp\htdocs\Projekt\Git\protected../uploads/pdf/IMG_0001.pdf): failed to open stream: No such file or directory (C:\xampp\htdocs\Projekt\Git\framework\web\CUploadedFile.php:198)
Stack trace:
#0 C:\xampp\htdocs\Projekt\Git\framework\web\actions\CInlineAction.php(49): SiteController->actionPdfUpload()
#1 C:\xampp\htdocs\Projekt\Git\framework\web\CController.php(308): CInlineAction->runWithParams()
#2 C:\xampp\htdocs\Projekt\Git\framework\web\CController.php(286): SiteController->runAction()
#3 C:\xampp\htdocs\Projekt\Git\framework\web\CController.php(265): SiteController->runActionWithFilters()
#4 C:\xampp\htdocs\Projekt\Git\framework\web\CWebApplication.php(282): SiteController->run()
#5 C:\xampp\htdocs\Projekt\Git\framework\web\CWebApplication.php(141): CWebApplication->runController()
#6 C:\xampp\htdocs\Projekt\Git\framework\base\CApplication.php(180): CWebApplication->processRequest()
#7 C:\xampp\htdocs\Projekt\Git\index.php(13): CWebApplication->run()
REQUEST_URI=/projekt/Git/index.php?r=site/pdfUpload
in C:\xampp\htdocs\Projekt\Git\protected\controllers\SiteController.php (120)
in C:\xampp\htdocs\Projekt\Git\index.php (13)
2014/04/25 11:40:47 [warning] [application] Failed to set unsafe attribute "path" of "PdfTable".
in C:\xampp\htdocs\Projekt\Git\protected\controllers\SiteController.php (114)
in C:\xampp\htdocs\Projekt\Git\index.php (13)
2014/04/25 11:40:47 [error] [php] move_uploaded_file(C:\xampp\htdocs\Projekt\Git\protected../uploads/pdf/IMG_0001.pdf): failed to open stream: No such file or directory (C:\xampp\htdocs\Projekt\Git\framework\web\CUploadedFile.php:198)
Stack trace:
#0 C:\xampp\htdocs\Projekt\Git\framework\web\actions\CInlineAction.php(49): SiteController->actionPdfUpload()
#1 C:\xampp\htdocs\Projekt\Git\framework\web\CController.php(308): CInlineAction->runWithParams()
#2 C:\xampp\htdocs\Projekt\Git\framework\web\CController.php(286): SiteController->runAction()
#3 C:\xampp\htdocs\Projekt\Git\framework\web\CController.php(265): SiteController->runActionWithFilters()
#4 C:\xampp\htdocs\Projekt\Git\framework\web\CWebApplication.php(282): SiteController->run()
#5 C:\xampp\htdocs\Projekt\Git\framework\web\CWebApplication.php(141): CWebApplication->runController()
#6 C:\xampp\htdocs\Projekt\Git\framework\base\CApplication.php(180): CWebApplication->processRequest()
#7 C:\xampp\htdocs\Projekt\Git\index.php(13): CWebApplication->run()
REQUEST_URI=/projekt/Git/index.php?r=site/pdfUpload
in C:\xampp\htdocs\Projekt\Git\protected\controllers\SiteController.php (120)
in C:\xampp\htdocs\Projekt\Git\index.php (13)
2014/04/25 11:40:55 [warning] [application] Failed to set unsafe attribute "path" of "PdfTable".
in C:\xampp\htdocs\Projekt\Git\protected\controllers\SiteController.php (114)
in C:\xampp\htdocs\Projekt\Git\index.php (13)
2014/04/25 11:40:55 [error] [php] move_uploaded_file(C:\xampp\htdocs\Projekt\Git\protected../upload/pdf/IMG_0001.pdf): failed to open stream: No such file or directory (C:\xampp\htdocs\Projekt\Git\framework\web\CUploadedFile.php:198)
Stack trace:
#0 C:\xampp\htdocs\Projekt\Git\framework\web\actions\CInlineAction.php(49): SiteController->actionPdfUpload()
#1 C:\xampp\htdocs\Projekt\Git\framework\web\CController.php(308): CInlineAction->runWithParams()
#2 C:\xampp\htdocs\Projekt\Git\framework\web\CController.php(286): SiteController->runAction()
#3 C:\xampp\htdocs\Projekt\Git\framework\web\CController.php(265): SiteController->runActionWithFilters()
#4 C:\xampp\htdocs\Projekt\Git\framework\web\CWebApplication.php(282): SiteController->run()
#5 C:\xampp\htdocs\Projekt\Git\framework\web\CWebApplication.php(141): CWebApplication->runController()
#6 C:\xampp\htdocs\Projekt\Git\framework\base\CApplication.php(180): CWebApplication->processRequest()
#7 C:\xampp\htdocs\Projekt\Git\index.php(13): CWebApplication->run()
REQUEST_URI=/projekt/Git/index.php?r=site/pdfUpload
in C:\xampp\htdocs\Projekt\Git\protected\controllers\SiteController.php (120)
in C:\xampp\htdocs\Projekt\Git\index.php (13)
2014/04/25 11:41:23 [warning] [application] Failed to set unsafe attribute "path" of "PdfTable".
in C:\xampp\htdocs\Projekt\Git\protected\controllers\SiteController.php (114)
in C:\xampp\htdocs\Projekt\Git\index.php (13)
2014/04/25 11:41:38 [warning] [application] Failed to set unsafe attribute "path" of "PdfTable".
in C:\xampp\htdocs\Projekt\Git\protected\controllers\SiteController.php (114)
in C:\xampp\htdocs\Projekt\Git\index.php (13)
2014/04/25 11:41:38 [error] [php] move_uploaded_file(C:\xampp\htdocs\Projekt\Git\protected../upload/pdf/IMG_0001.pdf): failed to open stream: No such file or directory (C:\xampp\htdocs\Projekt\Git\framework\web\CUploadedFile.php:198)
Stack trace:
#0 C:\xampp\htdocs\Projekt\Git\framework\web\actions\CInlineAction.php(49): SiteController->actionPdfUpload()
#1 C:\xampp\htdocs\Projekt\Git\framework\web\CController.php(308): CInlineAction->runWithParams()
#2 C:\xampp\htdocs\Projekt\Git\framework\web\CController.php(286): SiteController->runAction()
#3 C:\xampp\htdocs\Projekt\Git\framework\web\CController.php(265): SiteController->runActionWithFilters()
#4 C:\xampp\htdocs\Projekt\Git\framework\web\CWebApplication.php(282): SiteController->run()
#5 C:\xampp\htdocs\Projekt\Git\framework\web\CWebApplication.php(141): CWebApplication->runController()
#6 C:\xampp\htdocs\Projekt\Git\framework\base\CApplication.php(180): CWebApplication->processRequest()
#7 C:\xampp\htdocs\Projekt\Git\index.php(13): CWebApplication->run()
REQUEST_URI=/projekt/Git/index.php?r=site/pdfUpload
in C:\xampp\htdocs\Projekt\Git\protected\controllers\SiteController.php (120)
in C:\xampp\htdocs\Projekt\Git\index.php (13)
2014/04/25 11:42:33 [warning] [application] Failed to set unsafe attribute "path" of "PdfTable".
in C:\xampp\htdocs\Projekt\Git\protected\controllers\SiteController.php (114)
in C:\xampp\htdocs\Projekt\Git\index.php (13)
2014/04/25 11:45:07 [warning] [application] Failed to set unsafe attribute "path" of "PdfTable".
in C:\xampp\htdocs\Projekt\Git\protected\controllers\SiteController.php (114)
in C:\xampp\htdocs\Projekt\Git\index.php (13)
2014/04/25 11:47:08 [warning] [application] Failed to set unsafe attribute "path" of "PdfTable".
in C:\xampp\htdocs\Projekt\Git\protected\controllers\SiteController.php (114)
in C:\xampp\htdocs\Projekt\Git\index.php (13)
2014/04/25 14:49:26 [error] [exception.CHttpException.404] exception 'CHttpException' with message 'The system is unable to find the requested action "bookList".' in C:\xampp\htdocs\Projekt\Git\framework\web\CController.php:483
Stack trace:
#0 C:\xampp\htdocs\Projekt\Git\framework\web\CController.php(270): CController->missingAction('bookList')
#1 C:\xampp\htdocs\Projekt\Git\framework\web\CWebApplication.php(282): CController->run('bookList')
#2 C:\xampp\htdocs\Projekt\Git\framework\web\CWebApplication.php(141): CWebApplication->runController('site/bookList')
#3 C:\xampp\htdocs\Projekt\Git\framework\base\CApplication.php(180): CWebApplication->processRequest()
#4 C:\xampp\htdocs\Projekt\Git\index.php(13): CApplication->run()
#5 {main}
REQUEST_URI=/projekt/git/index.php?r=site/bookList
---
2014/04/25 14:49:34 [error] [exception.CException] exception 'CException' with message 'Property "SiteController.title" is not defined.' in C:\xampp\htdocs\Projekt\Git\framework\base\CComponent.php:173
Stack trace:
#0 C:\xampp\htdocs\Projekt\Git\protected\views\site\bookList.php(2): CComponent->__set('title', Object(CWebApplication))
#1 C:\xampp\htdocs\Projekt\Git\framework\web\CBaseController.php(126): require('C:\xampp\htdocs...')
#2 C:\xampp\htdocs\Projekt\Git\framework\web\CBaseController.php(95): CBaseController->renderInternal('C:\xampp\htdocs...', NULL, true)
#3 C:\xampp\htdocs\Projekt\Git\framework\web\CController.php(869): CBaseController->renderFile('C:\xampp\htdocs...', NULL, true)
#4 C:\xampp\htdocs\Projekt\Git\framework\web\CController.php(782): CController->renderPartial('bookList', NULL, true)
#5 C:\xampp\htdocs\Projekt\Git\protected\controllers\SiteController.php(128): CController->render('bookList')
#6 C:\xampp\htdocs\Projekt\Git\framework\web\actions\CInlineAction.php(49): SiteController->actionBookList()
#7 C:\xampp\htdocs\Projekt\Git\framework\web\CController.php(308): CInlineAction->runWithParams(Array)
#8 C:\xampp\htdocs\Projekt\Git\framework\web\CController.php(286): CController->runAction(Object(CInlineAction))
#9 C:\xampp\htdocs\Projekt\Git\framework\web\CController.php(265): CController->runActionWithFilters(Object(CInlineAction), Array)
#10 C:\xampp\htdocs\Projekt\Git\framework\web\CWebApplication.php(282): CController->run('bookList')
#11 C:\xampp\htdocs\Projekt\Git\framework\web\CWebApplication.php(141): CWebApplication->runController('site/bookList')
#12 C:\xampp\htdocs\Projekt\Git\framework\base\CApplication.php(180): CWebApplication->processRequest()
#13 C:\xampp\htdocs\Projekt\Git\index.php(13): CApplication->run()
#14 {main}
REQUEST_URI=/projekt/git/index.php?r=site/bookList
---
2014/04/25 14:49:57 [error] [php] htmlspecialchars() expects parameter 1 to be string, object given (C:\xampp\htdocs\Projekt\Git\framework\web\helpers\CHtml.php:103)
Stack trace:
#0 C:\xampp\htdocs\Projekt\Git\framework\web\CBaseController.php(126): require()
#1 C:\xampp\htdocs\Projekt\Git\framework\web\CBaseController.php(95): SiteController->renderInternal()
#2 C:\xampp\htdocs\Projekt\Git\framework\web\widgets\CContentDecorator.php(76): SiteController->renderFile()
#3 C:\xampp\htdocs\Projekt\Git\framework\web\widgets\CContentDecorator.php(54): CContentDecorator->decorate()
#4 C:\xampp\htdocs\Projekt\Git\framework\web\widgets\COutputProcessor.php(44): CContentDecorator->processOutput()
#5 C:\xampp\htdocs\Projekt\Git\framework\web\CBaseController.php(206): CContentDecorator->run()
#6 C:\xampp\htdocs\Projekt\Git\framework\web\CBaseController.php(300): SiteController->endWidget()
#7 C:\xampp\htdocs\Projekt\Git\protected\views\layouts\column1.php(6): SiteController->endContent()
#8 C:\xampp\htdocs\Projekt\Git\framework\web\CBaseController.php(126): require()
#9 C:\xampp\htdocs\Projekt\Git\framework\web\CBaseController.php(95): SiteController->renderInternal()
#10 C:\xampp\htdocs\Projekt\Git\framework\web\CController.php(784): SiteController->renderFile()
#11 C:\xampp\htdocs\Projekt\Git\protected\controllers\SiteController.php(128): SiteController->render()
#12 C:\xampp\htdocs\Projekt\Git\framework\web\actions\CInlineAction.php(49): SiteController->actionBookList()
#13 C:\xampp\htdocs\Projekt\Git\framework\web\CController.php(308): CInlineAction->runWithParams()
#14 C:\xampp\htdocs\Projekt\Git\framework\web\CController.php(286): SiteController->runAction()
#15 C:\xampp\htdocs\Projekt\Git\framework\web\CController.php(265): SiteController->runActionWithFilters()
#16 C:\xampp\htdocs\Projekt\Git\framework\web\CWebApplication.php(282): SiteController->run()
#17 C:\xampp\htdocs\Projekt\Git\framework\web\CWebApplication.php(141): CWebApplication->runController()
#18 C:\xampp\htdocs\Projekt\Git\framework\base\CApplication.php(180): CWebApplication->processRequest()
#19 C:\xampp\htdocs\Projekt\Git\index.php(13): CWebApplication->run()
REQUEST_URI=/projekt/git/index.php?r=site/bookList
in C:\xampp\htdocs\Projekt\Git\protected\views\layouts\main.php (18)
in C:\xampp\htdocs\Projekt\Git\protected\views\layouts\column1.php (6)
in C:\xampp\htdocs\Projekt\Git\protected\controllers\SiteController.php (128)
2014/04/25 14:56:56 [error] [exception.CException] exception 'CException' with message 'Property "PdfTable.title" is not defined.' in C:\xampp\htdocs\Projekt\Git\framework\base\CComponent.php:130
Stack trace:
#0 C:\xampp\htdocs\Projekt\Git\framework\db\ar\CActiveRecord.php(145): CComponent->__get('title')
#1 C:\xampp\htdocs\Projekt\Git\protected\views\site\bookList.php(9): CActiveRecord->__get('title')
#2 C:\xampp\htdocs\Projekt\Git\framework\web\CBaseController.php(126): require('C:\xampp\htdocs...')
#3 C:\xampp\htdocs\Projekt\Git\framework\web\CBaseController.php(95): CBaseController->renderInternal('C:\xampp\htdocs...', Array, true)
#4 C:\xampp\htdocs\Projekt\Git\framework\web\CController.php(869): CBaseController->renderFile('C:\xampp\htdocs...', Array, true)
#5 C:\xampp\htdocs\Projekt\Git\framework\web\CController.php(782): CController->renderPartial('bookList', Array, true)
#6 C:\xampp\htdocs\Projekt\Git\protected\controllers\SiteController.php(130): CController->render('bookList', Array)
#7 C:\xampp\htdocs\Projekt\Git\framework\web\actions\CInlineAction.php(49): SiteController->actionBookList()
#8 C:\xampp\htdocs\Projekt\Git\framework\web\CController.php(308): CInlineAction->runWithParams(Array)
#9 C:\xampp\htdocs\Projekt\Git\framework\web\CController.php(286): CController->runAction(Object(CInlineAction))
#10 C:\xampp\htdocs\Projekt\Git\framework\web\CController.php(265): CController->runActionWithFilters(Object(CInlineAction), Array)
#11 C:\xampp\htdocs\Projekt\Git\framework\web\CWebApplication.php(282): CController->run('bookList')
#12 C:\xampp\htdocs\Projekt\Git\framework\web\CWebApplication.php(141): CWebApplication->runController('site/bookList')
#13 C:\xampp\htdocs\Projekt\Git\framework\base\CApplication.php(180): CWebApplication->processRequest()
#14 C:\xampp\htdocs\Projekt\Git\index.php(13): CApplication->run()
#15 {main}
REQUEST_URI=/projekt/git/index.php?r=site/bookList
---
2014/04/25 15:21:28 [error] [php] Undefined variable: model (C:\xampp\htdocs\Projekt\Git\protected\views\site\bookRead.php:6)
Stack trace:
#0 C:\xampp\htdocs\Projekt\Git\framework\web\CController.php(869): SiteController->renderFile()
#1 C:\xampp\htdocs\Projekt\Git\framework\web\CController.php(782): SiteController->renderPartial()
#2 C:\xampp\htdocs\Projekt\Git\protected\controllers\SiteController.php(137): SiteController->render()
#3 unknown(0): SiteController->actionBookRead()
#4 C:\xampp\htdocs\Projekt\Git\framework\web\actions\CAction.php(108): ReflectionMethod->invokeArgs()
#5 C:\xampp\htdocs\Projekt\Git\framework\web\actions\CInlineAction.php(47): CInlineAction->runWithParamsInternal()
#6 C:\xampp\htdocs\Projekt\Git\framework\web\CController.php(308): CInlineAction->runWithParams()
#7 C:\xampp\htdocs\Projekt\Git\framework\web\CController.php(286): SiteController->runAction()
#8 C:\xampp\htdocs\Projekt\Git\framework\web\CController.php(265): SiteController->runActionWithFilters()
#9 C:\xampp\htdocs\Projekt\Git\framework\web\CWebApplication.php(282): SiteController->run()
#10 C:\xampp\htdocs\Projekt\Git\framework\web\CWebApplication.php(141): CWebApplication->runController()
#11 C:\xampp\htdocs\Projekt\Git\framework\base\CApplication.php(180): CWebApplication->processRequest()
#12 C:\xampp\htdocs\Projekt\Git\index.php(13): CWebApplication->run()
REQUEST_URI=/projekt/git/index.php?r=site/bookRead&id=5
in C:\xampp\htdocs\Projekt\Git\protected\views\site\bookRead.php (6)
in C:\xampp\htdocs\Projekt\Git\protected\controllers\SiteController.php (137)
in C:\xampp\htdocs\Projekt\Git\index.php (13)
2014/04/25 15:21:51 [error] [php] include(Files.php): failed to open stream: No such file or directory (C:\xampp\htdocs\Projekt\Git\framework\YiiBase.php:427)
Stack trace:
#0 C:\xampp\htdocs\Projekt\Git\protected\views\site\bookRead.php(6): spl_autoload_call()
#1 C:\xampp\htdocs\Projekt\Git\framework\web\CBaseController.php(126): require()
#2 C:\xampp\htdocs\Projekt\Git\framework\web\CBaseController.php(95): SiteController->renderInternal()
#3 C:\xampp\htdocs\Projekt\Git\framework\web\CController.php(869): SiteController->renderFile()
#4 C:\xampp\htdocs\Projekt\Git\framework\web\CController.php(782): SiteController->renderPartial()
#5 C:\xampp\htdocs\Projekt\Git\protected\controllers\SiteController.php(137): SiteController->render()
#6 unknown(0): SiteController->actionBookRead()
#7 C:\xampp\htdocs\Projekt\Git\framework\web\actions\CAction.php(108): ReflectionMethod->invokeArgs()
#8 C:\xampp\htdocs\Projekt\Git\framework\web\actions\CInlineAction.php(47): CInlineAction->runWithParamsInternal()
#9 C:\xampp\htdocs\Projekt\Git\framework\web\CController.php(308): CInlineAction->runWithParams()
#10 C:\xampp\htdocs\Projekt\Git\framework\web\CController.php(286): SiteController->runAction()
#11 C:\xampp\htdocs\Projekt\Git\framework\web\CController.php(265): SiteController->runActionWithFilters()
#12 C:\xampp\htdocs\Projekt\Git\framework\web\CWebApplication.php(282): SiteController->run()
#13 C:\xampp\htdocs\Projekt\Git\framework\web\CWebApplication.php(141): CWebApplication->runController()
#14 C:\xampp\htdocs\Projekt\Git\framework\base\CApplication.php(180): CWebApplication->processRequest()
#15 C:\xampp\htdocs\Projekt\Git\index.php(13): CWebApplication->run()
REQUEST_URI=/projekt/git/index.php?r=site/bookRead&id=5
in C:\xampp\htdocs\Projekt\Git\protected\views\site\bookRead.php (6)
in C:\xampp\htdocs\Projekt\Git\protected\controllers\SiteController.php (137)
in C:\xampp\htdocs\Projekt\Git\index.php (13)
2014/04/25 15:24:56 [error] [php] include(Files.php): failed to open stream: No such file or directory (C:\xampp\htdocs\Projekt\Git\framework\YiiBase.php:427)
Stack trace:
#0 C:\xampp\htdocs\Projekt\Git\protected\views\site\bookRead.php(6): spl_autoload_call()
#1 C:\xampp\htdocs\Projekt\Git\framework\web\CBaseController.php(126): require()
#2 C:\xampp\htdocs\Projekt\Git\framework\web\CBaseController.php(95): SiteController->renderInternal()
#3 C:\xampp\htdocs\Projekt\Git\framework\web\CController.php(869): SiteController->renderFile()
#4 C:\xampp\htdocs\Projekt\Git\framework\web\CController.php(782): SiteController->renderPartial()
#5 C:\xampp\htdocs\Projekt\Git\protected\controllers\SiteController.php(137): SiteController->render()
#6 unknown(0): SiteController->actionBookRead()
#7 C:\xampp\htdocs\Projekt\Git\framework\web\actions\CAction.php(108): ReflectionMethod->invokeArgs()
#8 C:\xampp\htdocs\Projekt\Git\framework\web\actions\CInlineAction.php(47): CInlineAction->runWithParamsInternal()
#9 C:\xampp\htdocs\Projekt\Git\framework\web\CController.php(308): CInlineAction->runWithParams()
#10 C:\xampp\htdocs\Projekt\Git\framework\web\CController.php(286): SiteController->runAction()
#11 C:\xampp\htdocs\Projekt\Git\framework\web\CController.php(265): SiteController->runActionWithFilters()
#12 C:\xampp\htdocs\Projekt\Git\framework\web\CWebApplication.php(282): SiteController->run()
#13 C:\xampp\htdocs\Projekt\Git\framework\web\CWebApplication.php(141): CWebApplication->runController()
#14 C:\xampp\htdocs\Projekt\Git\framework\base\CApplication.php(180): CWebApplication->processRequest()
#15 C:\xampp\htdocs\Projekt\Git\index.php(13): CWebApplication->run()
REQUEST_URI=/projekt/git/index.php?r=site/bookRead&id=5
in C:\xampp\htdocs\Projekt\Git\protected\views\site\bookRead.php (6)
in C:\xampp\htdocs\Projekt\Git\protected\controllers\SiteController.php (137)
in C:\xampp\htdocs\Projekt\Git\index.php (13)
2014/04/25 15:27:00 [error] [exception.CException] exception 'CException' with message 'Alias "ext.pdfJs.QPdfJs" is invalid. Make sure it points to an existing PHP file and the file is readable.' in C:\xampp\htdocs\Projekt\Git\framework\YiiBase.php:322
Stack trace:
#0 C:\xampp\htdocs\Projekt\Git\framework\web\CWidgetFactory.php(146): YiiBase::import('ext.pdfJs.QPdfJ...', true)
#1 C:\xampp\htdocs\Projekt\Git\framework\web\CBaseController.php(146): CWidgetFactory->createWidget(Object(SiteController), 'ext.pdfJs.QPdfJ...', Array)
#2 C:\xampp\htdocs\Projekt\Git\framework\web\CBaseController.php(172): CBaseController->createWidget('ext.pdfJs.QPdfJ...', Array)
#3 C:\xampp\htdocs\Projekt\Git\protected\views\site\bookRead.php(7): CBaseController->widget('ext.pdfJs.QPdfJ...', Array)
#4 C:\xampp\htdocs\Projekt\Git\framework\web\CBaseController.php(126): require('C:\xampp\htdocs...')
#5 C:\xampp\htdocs\Projekt\Git\framework\web\CBaseController.php(95): CBaseController->renderInternal('C:\xampp\htdocs...', Array, true)
#6 C:\xampp\htdocs\Projekt\Git\framework\web\CController.php(869): CBaseController->renderFile('C:\xampp\htdocs...', Array, true)
#7 C:\xampp\htdocs\Projekt\Git\framework\web\CController.php(782): CController->renderPartial('bookRead', Array, true)
#8 C:\xampp\htdocs\Projekt\Git\protected\controllers\SiteController.php(137): CController->render('bookRead', Array)
#9 [internal function]: SiteController->actionBookRead('5')
#10 C:\xampp\htdocs\Projekt\Git\framework\web\actions\CAction.php(108): ReflectionMethod->invokeArgs(Object(SiteController), Array)
#11 C:\xampp\htdocs\Projekt\Git\framework\web\actions\CInlineAction.php(47): CAction->runWithParamsInternal(Object(SiteController), Object(ReflectionMethod), Array)
#12 C:\xampp\htdocs\Projekt\Git\framework\web\CController.php(308): CInlineAction->runWithParams(Array)
#13 C:\xampp\htdocs\Projekt\Git\framework\web\CController.php(286): CController->runAction(Object(CInlineAction))
#14 C:\xampp\htdocs\Projekt\Git\framework\web\CController.php(265): CController->runActionWithFilters(Object(CInlineAction), Array)
#15 C:\xampp\htdocs\Projekt\Git\framework\web\CWebApplication.php(282): CController->run('bookRead')
#16 C:\xampp\htdocs\Projekt\Git\framework\web\CWebApplication.php(141): CWebApplication->runController('site/bookRead')
#17 C:\xampp\htdocs\Projekt\Git\framework\base\CApplication.php(180): CWebApplication->processRequest()
#18 C:\xampp\htdocs\Projekt\Git\index.php(13): CApplication->run()
#19 {main}
REQUEST_URI=/projekt/git/index.php?r=site/bookRead&id=5
HTTP_REFERER=http://localhost/projekt/git/index.php?r=site/bookList
---
2014/04/25 15:27:44 [error] [exception.CException] exception 'CException' with message 'Alias "ext.QPdfJs" is invalid. Make sure it points to an existing PHP file and the file is readable.' in C:\xampp\htdocs\Projekt\Git\framework\YiiBase.php:322
Stack trace:
#0 C:\xampp\htdocs\Projekt\Git\framework\web\CWidgetFactory.php(146): YiiBase::import('ext.QPdfJs', true)
#1 C:\xampp\htdocs\Projekt\Git\framework\web\CBaseController.php(146): CWidgetFactory->createWidget(Object(SiteController), 'ext.QPdfJs', Array)
#2 C:\xampp\htdocs\Projekt\Git\framework\web\CBaseController.php(172): CBaseController->createWidget('ext.QPdfJs', Array)
#3 C:\xampp\htdocs\Projekt\Git\protected\views\site\bookRead.php(7): CBaseController->widget('ext.QPdfJs', Array)
#4 C:\xampp\htdocs\Projekt\Git\framework\web\CBaseController.php(126): require('C:\xampp\htdocs...')
#5 C:\xampp\htdocs\Projekt\Git\framework\web\CBaseController.php(95): CBaseController->renderInternal('C:\xampp\htdocs...', Array, true)
#6 C:\xampp\htdocs\Projekt\Git\framework\web\CController.php(869): CBaseController->renderFile('C:\xampp\htdocs...', Array, true)
#7 C:\xampp\htdocs\Projekt\Git\framework\web\CController.php(782): CController->renderPartial('bookRead', Array, true)
#8 C:\xampp\htdocs\Projekt\Git\protected\controllers\SiteController.php(137): CController->render('bookRead', Array)
#9 [internal function]: SiteController->actionBookRead('5')
#10 C:\xampp\htdocs\Projekt\Git\framework\web\actions\CAction.php(108): ReflectionMethod->invokeArgs(Object(SiteController), Array)
#11 C:\xampp\htdocs\Projekt\Git\framework\web\actions\CInlineAction.php(47): CAction->runWithParamsInternal(Object(SiteController), Object(ReflectionMethod), Array)
#12 C:\xampp\htdocs\Projekt\Git\framework\web\CController.php(308): CInlineAction->runWithParams(Array)
#13 C:\xampp\htdocs\Projekt\Git\framework\web\CController.php(286): CController->runAction(Object(CInlineAction))
#14 C:\xampp\htdocs\Projekt\Git\framework\web\CController.php(265): CController->runActionWithFilters(Object(CInlineAction), Array)
#15 C:\xampp\htdocs\Projekt\Git\framework\web\CWebApplication.php(282): CController->run('bookRead')
#16 C:\xampp\htdocs\Projekt\Git\framework\web\CWebApplication.php(141): CWebApplication->runController('site/bookRead')
#17 C:\xampp\htdocs\Projekt\Git\framework\base\CApplication.php(180): CWebApplication->processRequest()
#18 C:\xampp\htdocs\Projekt\Git\index.php(13): CApplication->run()
#19 {main}
REQUEST_URI=/projekt/git/index.php?r=site/bookRead&id=5
HTTP_REFERER=http://localhost/projekt/git/index.php?r=site/bookList
---
2014/04/25 15:29:15 [error] [exception.CException] exception 'CException' with message 'Alias "ext.pdfJs.QPdfJs" is invalid. Make sure it points to an existing PHP file and the file is readable.' in C:\xampp\htdocs\Projekt\Git\framework\YiiBase.php:322
Stack trace:
#0 C:\xampp\htdocs\Projekt\Git\framework\web\CWidgetFactory.php(146): YiiBase::import('ext.pdfJs.QPdfJ...', true)
#1 C:\xampp\htdocs\Projekt\Git\framework\web\CBaseController.php(146): CWidgetFactory->createWidget(Object(SiteController), 'ext.pdfJs.QPdfJ...', Array)
#2 C:\xampp\htdocs\Projekt\Git\framework\web\CBaseController.php(172): CBaseController->createWidget('ext.pdfJs.QPdfJ...', Array)
#3 C:\xampp\htdocs\Projekt\Git\protected\views\site\bookRead.php(7): CBaseController->widget('ext.pdfJs.QPdfJ...', Array)
#4 C:\xampp\htdocs\Projekt\Git\framework\web\CBaseController.php(126): require('C:\xampp\htdocs...')
#5 C:\xampp\htdocs\Projekt\Git\framework\web\CBaseController.php(95): CBaseController->renderInternal('C:\xampp\htdocs...', Array, true)
#6 C:\xampp\htdocs\Projekt\Git\framework\web\CController.php(869): CBaseController->renderFile('C:\xampp\htdocs...', Array, true)
#7 C:\xampp\htdocs\Projekt\Git\framework\web\CController.php(782): CController->renderPartial('bookRead', Array, true)
#8 C:\xampp\htdocs\Projekt\Git\protected\controllers\SiteController.php(137): CController->render('bookRead', Array)
#9 [internal function]: SiteController->actionBookRead('5')
#10 C:\xampp\htdocs\Projekt\Git\framework\web\actions\CAction.php(108): ReflectionMethod->invokeArgs(Object(SiteController), Array)
#11 C:\xampp\htdocs\Projekt\Git\framework\web\actions\CInlineAction.php(47): CAction->runWithParamsInternal(Object(SiteController), Object(ReflectionMethod), Array)
#12 C:\xampp\htdocs\Projekt\Git\framework\web\CController.php(308): CInlineAction->runWithParams(Array)
#13 C:\xampp\htdocs\Projekt\Git\framework\web\CController.php(286): CController->runAction(Object(CInlineAction))
#14 C:\xampp\htdocs\Projekt\Git\framework\web\CController.php(265): CController->runActionWithFilters(Object(CInlineAction), Array)
#15 C:\xampp\htdocs\Projekt\Git\framework\web\CWebApplication.php(282): CController->run('bookRead')
#16 C:\xampp\htdocs\Projekt\Git\framework\web\CWebApplication.php(141): CWebApplication->runController('site/bookRead')
#17 C:\xampp\htdocs\Projekt\Git\framework\base\CApplication.php(180): CWebApplication->processRequest()
#18 C:\xampp\htdocs\Projekt\Git\index.php(13): CApplication->run()
#19 {main}
REQUEST_URI=/projekt/git/index.php?r=site/bookRead&id=5
HTTP_REFERER=http://localhost/projekt/git/index.php?r=site/bookList
---
2014/04/25 15:40:09 [warning] [application] Failed to set unsafe attribute "path" of "PdfTable".
in C:\xampp\htdocs\Projekt\Git\protected\controllers\SiteController.php (113)
in C:\xampp\htdocs\Projekt\Git\index.php (13)
